<?xml version="1.0" encoding="UTF-8"?>
<!DOCTYPE html PUBLIC "-//W3C//DTD XHTML 1.0 Strict//EN" "http://www.w3.org/TR/xhtml1/DTD/xhtml1-strict.dtd">
<html xmlns="http://www.w3.org/1999/xhtml">
<head>
    <title>SWMM Core Test Report</title>
    <meta name="generator" content="HTMLTestRunner 0.8.2"/>
    <meta http-equiv="Content-Type" content="text/html; charset=UTF-8"/>
    
<style type="text/css" media="screen">
body        { font-family: verdana, arial, helvetica, sans-serif; font-size: 80%; }
table       { font-size: 100%; }
pre         { }

/* -- heading ---------------------------------------------------------------------- */
h1 {
	font-size: 16pt;
	color: gray;
}
.heading {
    margin-top: 0ex;
    margin-bottom: 1ex;
}

.heading .attribute {
    margin-top: 1ex;
    margin-bottom: 0;
}

.heading .description {
    margin-top: 4ex;
    margin-bottom: 6ex;
}

/* -- css div popup ------------------------------------------------------------------------ */
a.popup_link {
}

a.popup_link:hover {
    color: red;
}

.popup_window {
    display: none;
    position: relative;
    left: 0px;
    top: 0px;
    /*border: solid #627173 1px; */
    padding: 10px;
    background-color: #E6E6D6;
    font-family: "Lucida Console", "Courier New", Courier, monospace;
    text-align: left;
    font-size: 8pt;
    width: 500px;
}

}
/* -- report ------------------------------------------------------------------------ */
#show_detail_line {
    margin-top: 3ex;
    margin-bottom: 1ex;
}
#result_table {
    width: 80%;
    border-collapse: collapse;
    border: 1px solid #777;
}
#header_row {
    font-weight: bold;
    color: white;
    background-color: #777;
}
#result_table td {
    border: 1px solid #777;
    padding: 2px;
}
#total_row  { font-weight: bold; }
.passClass  { background-color: #6c6; }
.failClass  { background-color: #c60; }
.errorClass { background-color: #c00; }
.passCase   { color: #6c6; }
.failCase   { color: #c60; font-weight: bold; }
.errorCase  { color: #c00; font-weight: bold; }
.hiddenRow  { display: none; }
.testcase   { margin-left: 2em; }


/* -- ending ---------------------------------------------------------------------- */
#ending {
}

</style>

</head>
<body>
<script language="javascript" type="text/javascript"><!--
output_list = Array();

/* level - 0:Summary; 1:Failed; 2:All */
function showCase(level) {
    trs = document.getElementsByTagName("tr");
    for (var i = 0; i < trs.length; i++) {
        tr = trs[i];
        id = tr.id;
        if (id.substr(0,2) == 'ft') {
            if (level < 1) {
                tr.className = 'hiddenRow';
            }
            else {
                tr.className = '';
            }
        }
        if (id.substr(0,2) == 'pt') {
            if (level > 1) {
                tr.className = '';
            }
            else {
                tr.className = 'hiddenRow';
            }
        }
    }
}


function showClassDetail(cid, count) {
    var id_list = Array(count);
    var toHide = 1;
    for (var i = 0; i < count; i++) {
        tid0 = 't' + cid.substr(1) + '.' + (i+1);
        tid = 'f' + tid0;
        tr = document.getElementById(tid);
        if (!tr) {
            tid = 'p' + tid0;
            tr = document.getElementById(tid);
        }
        id_list[i] = tid;
        if (tr.className) {
            toHide = 0;
        }
    }
    for (var i = 0; i < count; i++) {
        tid = id_list[i];
        if (toHide) {
            document.getElementById('div_'+tid).style.display = 'none'
            document.getElementById(tid).className = 'hiddenRow';
        }
        else {
            document.getElementById(tid).className = '';
        }
    }
}


function showTestDetail(div_id){
    var details_div = document.getElementById(div_id)
    var displayState = details_div.style.display
    // alert(displayState)
    if (displayState != 'block' ) {
        displayState = 'block'
        details_div.style.display = 'block'
    }
    else {
        details_div.style.display = 'none'
    }
}


function html_escape(s) {
    s = s.replace(/&/g,'&amp;');
    s = s.replace(/</g,'&lt;');
    s = s.replace(/>/g,'&gt;');
    return s;
}

/* obsoleted by detail in <div>
function showOutput(id, name) {
    var w = window.open("", //url
                    name,
                    "resizable,scrollbars,status,width=800,height=450");
    d = w.document;
    d.write("<pre>");
    d.write(html_escape(output_list[id]));
    d.write("\n");
    d.write("<a href='javascript:window.close()'>close</a>\n");
    d.write("</pre>\n");
    d.close();
}
*/
--></script>

<div class='heading'>
<h1>SWMM Core Test Report</h1>
<p class='attribute'><strong>Start Time:</strong> 2016-09-01 22:22:23</p>
<p class='attribute'><strong>Duration:</strong> 0:00:00.060000</p>
<p class='attribute'><strong>Status:</strong> Pass 44 Failure 12 Error 71</p>

<p class='description'>Unit test results</p>
</div>



<p id='show_detail_line'>Show
<a href='javascript:showCase(0)'>Summary</a>
<a href='javascript:showCase(1)'>Failed</a>
<a href='javascript:showCase(2)'>All</a>
</p>
<table id='result_table'>
<colgroup>
<col align='left' />
<col align='right' />
<col align='right' />
<col align='right' />
<col align='right' />
<col align='right' />
</colgroup>
<tr id='header_row'>
    <td>Test Group/Test case</td>
    <td>Count</td>
    <td>Pass</td>
    <td>Fail</td>
    <td>Error</td>
    <td>View</td>
</tr>

<tr class='failClass'>
    <td>test_backdrop.SimpleBackdropTest: Test BACKDROP section</td>
    <td>2</td>
    <td>1</td>
    <td>1</td>
    <td>0</td>
    <td><a href="javascript:showClassDetail('c1',2)">Detail</a></td>
</tr>

<tr id='ft1.1' class='none'>
    <td class='failCase'><div class='testcase'>test_bare: Test bare section</div></td>
    <td colspan='5' align='center'>

    <!--css div popup start-->
    <a class="popup_link" onfocus='this.blur();' href="javascript:showTestDetail('div_ft1.1')" >
        fail</a>

    <div id='div_ft1.1' class="popup_window">
        <div style='text-align: right; color:red;cursor:pointer'>
        <a onfocus='this.blur();' onclick="document.getElementById('div_ft1.1').style.display = 'none' " >
           [x]</a>
        </div>
        <pre>
        
ft1.1: Traceback (most recent call last):
  File "C:\work\SWMM-EPANET_User_Interface\test\core\swmm\test_backdrop.py", line 17, in test_bare
    self.assertTrue(match(actual_text, test_text), msg)
AssertionError: 
Set:
Get:[BACKDROP]
 DIMENSIONS       	             0.0	             0.0	             0.0	             0.0


        </pre>
    </div>
    <!--css div popup end-->

    </td>
</tr>

<tr id='pt1.2' class='hiddenRow'>
    <td class='none'><div class='testcase'>test_backdrop: Test backdrop parameters</div></td>
    <td colspan='5' align='center'>pass</td>
</tr>

<tr class='passClass'>
    <td>test_options_dates.OptionsDatesTest: Test OPTIONS: Dates</td>
    <td>1</td>
    <td>1</td>
    <td>0</td>
    <td>0</td>
    <td><a href="javascript:showClassDetail('c2',1)">Detail</a></td>
</tr>

<tr id='pt2.1' class='hiddenRow'>
    <td class='none'><div class='testcase'>runTest: Test Dates portion in OPTIONS</div></td>
    <td colspan='5' align='center'>pass</td>
</tr>

<tr class='errorClass'>
    <td>test_options_dynamicwave.OptionsDynamicWaveTest: Test OPTIONS section: Dynamic Wave</td>
    <td>1</td>
    <td>0</td>
    <td>0</td>
    <td>1</td>
    <td><a href="javascript:showClassDetail('c3',1)">Detail</a></td>
</tr>

<tr id='ft3.1' class='none'>
    <td class='errorCase'><div class='testcase'>runTest: Test OPTIONS: Dynamic Wave</div></td>
    <td colspan='5' align='center'>

    <!--css div popup start-->
    <a class="popup_link" onfocus='this.blur();' href="javascript:showTestDetail('div_ft3.1')" >
        error</a>

    <div id='div_ft3.1' class="popup_window">
        <div style='text-align: right; color:red;cursor:pointer'>
        <a onfocus='this.blur();' onclick="document.getElementById('div_ft3.1').style.display = 'none' " >
           [x]</a>
        </div>
        <pre>
        
ft3.1: Traceback (most recent call last):
  File "C:\work\SWMM-EPANET_User_Interface\test\core\swmm\test_options_dynamicwave.py", line 33, in runTest
    my_options = SectionReader.read(expected_text)
TypeError: unbound method read() must be called with SectionReader instance as first argument (got str instance instead)


        </pre>
    </div>
    <!--css div popup end-->

    </td>
</tr>

<tr class='errorClass'>
    <td>test_files.SimpleFilesTest: Test FILES section</td>
    <td>6</td>
    <td>0</td>
    <td>0</td>
    <td>6</td>
    <td><a href="javascript:showClassDetail('c4',6)">Detail</a></td>
</tr>

<tr id='ft4.1' class='none'>
    <td class='errorCase'><div class='testcase'>test_space_delimited: normal space delimited keyword and parameter</div></td>
    <td colspan='5' align='center'>

    <!--css div popup start-->
    <a class="popup_link" onfocus='this.blur();' href="javascript:showTestDetail('div_ft4.1')" >
        error</a>

    <div id='div_ft4.1' class="popup_window">
        <div style='text-align: right; color:red;cursor:pointer'>
        <a onfocus='this.blur();' onclick="document.getElementById('div_ft4.1').style.display = 'none' " >
           [x]</a>
        </div>
        <pre>
        
ft4.1: Traceback (most recent call last):
  File "C:\work\SWMM-EPANET_User_Interface\test\core\swmm\test_files.py", line 29, in test_space_delimited
    self.my_options.set_text(TEST_TEXT)
AttributeError: 'Files' object has no attribute 'set_text'


        </pre>
    </div>
    <!--css div popup end-->

    </td>
</tr>

<tr id='ft4.2' class='none'>
    <td class='errorCase'><div class='testcase'>test_more_space: Test more spaces beyond [:19]</div></td>
    <td colspan='5' align='center'>

    <!--css div popup start-->
    <a class="popup_link" onfocus='this.blur();' href="javascript:showTestDetail('div_ft4.2')" >
        error</a>

    <div id='div_ft4.2' class="popup_window">
        <div style='text-align: right; color:red;cursor:pointer'>
        <a onfocus='this.blur();' onclick="document.getElementById('div_ft4.2').style.display = 'none' " >
           [x]</a>
        </div>
        <pre>
        
ft4.2: Traceback (most recent call last):
  File "C:\work\SWMM-EPANET_User_Interface\test\core\swmm\test_files.py", line 41, in test_more_space
    self.my_options.set_text(TEST_TEXT)
AttributeError: 'Files' object has no attribute 'set_text'


        </pre>
    </div>
    <!--css div popup end-->

    </td>
</tr>

<tr id='ft4.3' class='none'>
    <td class='errorCase'><div class='testcase'>test_space_in_filename: Test space in file name</div></td>
    <td colspan='5' align='center'>

    <!--css div popup start-->
    <a class="popup_link" onfocus='this.blur();' href="javascript:showTestDetail('div_ft4.3')" >
        error</a>

    <div id='div_ft4.3' class="popup_window">
        <div style='text-align: right; color:red;cursor:pointer'>
        <a onfocus='this.blur();' onclick="document.getElementById('div_ft4.3').style.display = 'none' " >
           [x]</a>
        </div>
        <pre>
        
ft4.3: Traceback (most recent call last):
  File "C:\work\SWMM-EPANET_User_Interface\test\core\swmm\test_files.py", line 52, in test_space_in_filename
    self.my_options.set_text(TEST_TEXT)
AttributeError: 'Files' object has no attribute 'set_text'


        </pre>
    </div>
    <!--css div popup end-->

    </td>
</tr>

<tr id='ft4.4' class='none'>
    <td class='errorCase'><div class='testcase'>test_filename_with_path: Test filename with path</div></td>
    <td colspan='5' align='center'>

    <!--css div popup start-->
    <a class="popup_link" onfocus='this.blur();' href="javascript:showTestDetail('div_ft4.4')" >
        error</a>

    <div id='div_ft4.4' class="popup_window">
        <div style='text-align: right; color:red;cursor:pointer'>
        <a onfocus='this.blur();' onclick="document.getElementById('div_ft4.4').style.display = 'none' " >
           [x]</a>
        </div>
        <pre>
        
ft4.4: Traceback (most recent call last):
  File "C:\work\SWMM-EPANET_User_Interface\test\core\swmm\test_files.py", line 63, in test_filename_with_path
    self.my_options.set_text(TEST_TEXT)
AttributeError: 'Files' object has no attribute 'set_text'


        </pre>
    </div>
    <!--css div popup end-->

    </td>
</tr>

<tr id='ft4.5' class='none'>
    <td class='errorCase'><div class='testcase'>test_all_options: Test all options of FILE section</div></td>
    <td colspan='5' align='center'>

    <!--css div popup start-->
    <a class="popup_link" onfocus='this.blur();' href="javascript:showTestDetail('div_ft4.5')" >
        error</a>

    <div id='div_ft4.5' class="popup_window">
        <div style='text-align: right; color:red;cursor:pointer'>
        <a onfocus='this.blur();' onclick="document.getElementById('div_ft4.5').style.display = 'none' " >
           [x]</a>
        </div>
        <pre>
        
ft4.5: Traceback (most recent call last):
  File "C:\work\SWMM-EPANET_User_Interface\test\core\swmm\test_files.py", line 82, in test_all_options
    self.my_options.set_text(test_all_opts)
AttributeError: 'Files' object has no attribute 'set_text'


        </pre>
    </div>
    <!--css div popup end-->

    </td>
</tr>

<tr id='ft4.6' class='none'>
    <td class='errorCase'><div class='testcase'>test_interface_files: Test FILES options using the Section class</div></td>
    <td colspan='5' align='center'>

    <!--css div popup start-->
    <a class="popup_link" onfocus='this.blur();' href="javascript:showTestDetail('div_ft4.6')" >
        error</a>

    <div id='div_ft4.6' class="popup_window">
        <div style='text-align: right; color:red;cursor:pointer'>
        <a onfocus='this.blur();' onclick="document.getElementById('div_ft4.6').style.display = 'none' " >
           [x]</a>
        </div>
        <pre>
        
ft4.6: Traceback (most recent call last):
  File "C:\work\SWMM-EPANET_User_Interface\test\core\swmm\test_files.py", line 105, in test_interface_files
    actual_text = self.my_options.get_text()
AttributeError: 'Files' object has no attribute 'get_text'


        </pre>
    </div>
    <!--css div popup end-->

    </td>
</tr>

<tr class='errorClass'>
    <td>test_options_general.OptionsGeneralTest: Test OPTIONS section</td>
    <td>2</td>
    <td>0</td>
    <td>0</td>
    <td>2</td>
    <td><a href="javascript:showClassDetail('c5',2)">Detail</a></td>
</tr>

<tr id='ft5.1' class='none'>
    <td class='errorCase'><div class='testcase'>test_all_opts: Test all default values specified in 5.1</div></td>
    <td colspan='5' align='center'>

    <!--css div popup start-->
    <a class="popup_link" onfocus='this.blur();' href="javascript:showTestDetail('div_ft5.1')" >
        error</a>

    <div id='div_ft5.1' class="popup_window">
        <div style='text-align: right; color:red;cursor:pointer'>
        <a onfocus='this.blur();' onclick="document.getElementById('div_ft5.1').style.display = 'none' " >
           [x]</a>
        </div>
        <pre>
        
ft5.1: Traceback (most recent call last):
  File "C:\work\SWMM-EPANET_User_Interface\test\core\swmm\test_options_general.py", line 146, in test_all_opts
    self.options.set_text(test_all_ops)
AttributeError: 'General' object has no attribute 'set_text'


        </pre>
    </div>
    <!--css div popup end-->

    </td>
</tr>

<tr id='ft5.2' class='none'>
    <td class='errorCase'><div class='testcase'>test_current_text: Test setting from the current text array</div></td>
    <td colspan='5' align='center'>

    <!--css div popup start-->
    <a class="popup_link" onfocus='this.blur();' href="javascript:showTestDetail('div_ft5.2')" >
        error</a>

    <div id='div_ft5.2' class="popup_window">
        <div style='text-align: right; color:red;cursor:pointer'>
        <a onfocus='this.blur();' onclick="document.getElementById('div_ft5.2').style.display = 'none' " >
           [x]</a>
        </div>
        <pre>
        
ft5.2: Traceback (most recent call last):
  File "C:\work\SWMM-EPANET_User_Interface\test\core\swmm\test_options_general.py", line 177, in test_current_text
    self.options.set_text(current_text[0])
AttributeError: 'General' object has no attribute 'set_text'


        </pre>
    </div>
    <!--css div popup end-->

    </td>
</tr>

<tr class='passClass'>
    <td>test_map.SimpleMapTest: Test MAP section</td>
    <td>2</td>
    <td>2</td>
    <td>0</td>
    <td>0</td>
    <td><a href="javascript:showClassDetail('c6',2)">Detail</a></td>
</tr>

<tr id='pt6.1' class='hiddenRow'>
    <td class='none'><div class='testcase'>test_reader: Test MapOptionsReaderWriter</div></td>
    <td colspan='5' align='center'>pass</td>
</tr>

<tr id='pt6.2' class='hiddenRow'>
    <td class='none'><div class='testcase'>test_writer: Test MapOptionsWriter</div></td>
    <td colspan='5' align='center'>pass</td>
</tr>

<tr class='failClass'>
    <td>test_report.SimpleReportTest: Test REPORT Section</td>
    <td>2</td>
    <td>0</td>
    <td>2</td>
    <td>0</td>
    <td><a href="javascript:showClassDetail('c7',2)">Detail</a></td>
</tr>

<tr id='ft7.1' class='none'>
    <td class='failCase'><div class='testcase'>test_reader_writer: Test Simple ReportReader and ReportWriter</div></td>
    <td colspan='5' align='center'>

    <!--css div popup start-->
    <a class="popup_link" onfocus='this.blur();' href="javascript:showTestDetail('div_ft7.1')" >
        fail</a>

    <div id='div_ft7.1' class="popup_window">
        <div style='text-align: right; color:red;cursor:pointer'>
        <a onfocus='this.blur();' onclick="document.getElementById('div_ft7.1').style.display = 'none' " >
           [x]</a>
        </div>
        <pre>
        
ft7.1: Traceback (most recent call last):
  File "C:\work\SWMM-EPANET_User_Interface\test\core\swmm\test_report.py", line 28, in test_reader_writer
    assert my_report.subcatchments == ['NONE']
AssertionError


        </pre>
    </div>
    <!--css div popup end-->

    </td>
</tr>

<tr id='ft7.2' class='none'>
    <td class='failCase'><div class='testcase'>test_more: Test Report options regarding subcatchments, nodes, links and LID lists</div></td>
    <td colspan='5' align='center'>

    <!--css div popup start-->
    <a class="popup_link" onfocus='this.blur();' href="javascript:showTestDetail('div_ft7.2')" >
        fail</a>

    <div id='div_ft7.2' class="popup_window">
        <div style='text-align: right; color:red;cursor:pointer'>
        <a onfocus='this.blur();' onclick="document.getElementById('div_ft7.2').style.display = 'none' " >
           [x]</a>
        </div>
        <pre>
        
ft7.2: Traceback (most recent call last):
  File "C:\work\SWMM-EPANET_User_Interface\test\core\swmm\test_report.py", line 55, in test_more
    assert my_report.subcatchments == ['S1','S2','S3']
AssertionError


        </pre>
    </div>
    <!--css div popup end-->

    </td>
</tr>

<tr class='errorClass'>
    <td>test_options_timesteps.OptionsTimestepTest: Test OPTIONS: Time steps</td>
    <td>1</td>
    <td>0</td>
    <td>0</td>
    <td>1</td>
    <td><a href="javascript:showClassDetail('c8',1)">Detail</a></td>
</tr>

<tr id='ft8.1' class='none'>
    <td class='errorCase'><div class='testcase'>runTest: Test OPTIONS: Time steps</div></td>
    <td colspan='5' align='center'>

    <!--css div popup start-->
    <a class="popup_link" onfocus='this.blur();' href="javascript:showTestDetail('div_ft8.1')" >
        error</a>

    <div id='div_ft8.1' class="popup_window">
        <div style='text-align: right; color:red;cursor:pointer'>
        <a onfocus='this.blur();' onclick="document.getElementById('div_ft8.1').style.display = 'none' " >
           [x]</a>
        </div>
        <pre>
        
ft8.1: Traceback (most recent call last):
  File "C:\work\SWMM-EPANET_User_Interface\test\core\swmm\test_options_timesteps.py", line 23, in runTest
    assert self.my_options.matches(expected_text)
AttributeError: 'TimeSteps' object has no attribute 'matches'


        </pre>
    </div>
    <!--css div popup end-->

    </td>
</tr>

<tr class='passClass'>
    <td>test_evaporation.EvaporationTest: Test all options provided in EVAPORATION section</td>
    <td>10</td>
    <td>10</td>
    <td>0</td>
    <td>0</td>
    <td><a href="javascript:showClassDetail('c9',10)">Detail</a></td>
</tr>

<tr id='pt9.1' class='hiddenRow'>
    <td class='none'><div class='testcase'>test_bare: testing bare section</div></td>
    <td colspan='5' align='center'>pass</td>
</tr>

<tr id='pt9.2' class='hiddenRow'>
    <td class='none'><div class='testcase'>test_constant_only: testing constant only without DRY_ONLY</div></td>
    <td colspan='5' align='center'>pass</td>
</tr>

<tr id='pt9.3' class='hiddenRow'>
    <td class='none'><div class='testcase'>test_constant_wt_dry_only: Test constant with DRY_ONLY, consistent with most examples</div></td>
    <td colspan='5' align='center'>pass</td>
</tr>

<tr id='pt9.4' class='hiddenRow'>
    <td class='none'><div class='testcase'>test_monthly: Test monthly Example User2 and a few others</div></td>
    <td colspan='5' align='center'>pass</td>
</tr>

<tr id='pt9.5' class='hiddenRow'>
    <td class='none'><div class='testcase'>test_monthly_fail: MONTHLY - edge case missing a month</div></td>
    <td colspan='5' align='center'>pass</td>
</tr>

<tr id='pt9.6' class='hiddenRow'>
    <td class='none'><div class='testcase'>test_timeseries: TIMESERIES Tseries</div></td>
    <td colspan='5' align='center'>pass</td>
</tr>

<tr id='pt9.7' class='hiddenRow'>
    <td class='none'><div class='testcase'>test_temperature: test temperature option</div></td>
    <td colspan='5' align='center'>pass</td>
</tr>

<tr id='pt9.8' class='hiddenRow'>
    <td class='none'><div class='testcase'>test_file: Test file option</div></td>
    <td colspan='5' align='center'>pass</td>
</tr>

<tr id='pt9.9' class='hiddenRow'>
    <td class='none'><div class='testcase'>test_recovery: Test recovery option RECOVERY PatternID</div></td>
    <td colspan='5' align='center'>pass</td>
</tr>

<tr id='pt9.10' class='hiddenRow'>
    <td class='none'><div class='testcase'>test_project_section: Test EVAPORATION use project section</div></td>
    <td colspan='5' align='center'>pass</td>
</tr>

<tr class='errorClass'>
    <td>test_temperature.TemperatureTest: Test TEMPERATURE section</td>
    <td>11</td>
    <td>0</td>
    <td>0</td>
    <td>11</td>
    <td><a href="javascript:showClassDetail('c10',11)">Detail</a></td>
</tr>

<tr id='ft10.1' class='none'>
    <td class='errorCase'><div class='testcase'>test_default: Test default, default is empty string, no adjustments</div></td>
    <td colspan='5' align='center'>

    <!--css div popup start-->
    <a class="popup_link" onfocus='this.blur();' href="javascript:showTestDetail('div_ft10.1')" >
        error</a>

    <div id='div_ft10.1' class="popup_window">
        <div style='text-align: right; color:red;cursor:pointer'>
        <a onfocus='this.blur();' onclick="document.getElementById('div_ft10.1').style.display = 'none' " >
           [x]</a>
        </div>
        <pre>
        
ft10.1: Traceback (most recent call last):
  File "C:\work\SWMM-EPANET_User_Interface\test\core\swmm\test_temperature.py", line 13, in test_default
    actual_text = self.my_options.get_text()
AttributeError: 'Temperature' object has no attribute 'get_text'


        </pre>
    </div>
    <!--css div popup end-->

    </td>
</tr>

<tr id='ft10.2' class='none'>
    <td class='errorCase'><div class='testcase'>test_timeseries: Test daily temperature in time series</div></td>
    <td colspan='5' align='center'>

    <!--css div popup start-->
    <a class="popup_link" onfocus='this.blur();' href="javascript:showTestDetail('div_ft10.2')" >
        error</a>

    <div id='div_ft10.2' class="popup_window">
        <div style='text-align: right; color:red;cursor:pointer'>
        <a onfocus='this.blur();' onclick="document.getElementById('div_ft10.2').style.display = 'none' " >
           [x]</a>
        </div>
        <pre>
        
ft10.2: Traceback (most recent call last):
  File "C:\work\SWMM-EPANET_User_Interface\test\core\swmm\test_temperature.py", line 27, in test_timeseries
    self.my_options.set_text(test_time_series)
AttributeError: 'Temperature' object has no attribute 'set_text'


        </pre>
    </div>
    <!--css div popup end-->

    </td>
</tr>

<tr id='ft10.3' class='none'>
    <td class='errorCase'><div class='testcase'>test_file: Test daily temperature in file daily_temperature.txt</div></td>
    <td colspan='5' align='center'>

    <!--css div popup start-->
    <a class="popup_link" onfocus='this.blur();' href="javascript:showTestDetail('div_ft10.3')" >
        error</a>

    <div id='div_ft10.3' class="popup_window">
        <div style='text-align: right; color:red;cursor:pointer'>
        <a onfocus='this.blur();' onclick="document.getElementById('div_ft10.3').style.display = 'none' " >
           [x]</a>
        </div>
        <pre>
        
ft10.3: Traceback (most recent call last):
  File "C:\work\SWMM-EPANET_User_Interface\test\core\swmm\test_temperature.py", line 41, in test_file
    self.my_options.set_text(test_file)
AttributeError: 'Temperature' object has no attribute 'set_text'


        </pre>
    </div>
    <!--css div popup end-->

    </td>
</tr>

<tr id='ft10.4' class='none'>
    <td class='errorCase'><div class='testcase'>test_file_wt_date: Test daily temperature in tepmerature.txt(file name with space) and start date</div></td>
    <td colspan='5' align='center'>

    <!--css div popup start-->
    <a class="popup_link" onfocus='this.blur();' href="javascript:showTestDetail('div_ft10.4')" >
        error</a>

    <div id='div_ft10.4' class="popup_window">
        <div style='text-align: right; color:red;cursor:pointer'>
        <a onfocus='this.blur();' onclick="document.getElementById('div_ft10.4').style.display = 'none' " >
           [x]</a>
        </div>
        <pre>
        
ft10.4: Traceback (most recent call last):
  File "C:\work\SWMM-EPANET_User_Interface\test\core\swmm\test_temperature.py", line 56, in test_file_wt_date
    self.my_options.set_text(test_file)
AttributeError: 'Temperature' object has no attribute 'set_text'


        </pre>
    </div>
    <!--css div popup end-->

    </td>
</tr>

<tr id='ft10.5' class='none'>
    <td class='errorCase'><div class='testcase'>test_windspeed_monthly: Test WindSpeed monthly</div></td>
    <td colspan='5' align='center'>

    <!--css div popup start-->
    <a class="popup_link" onfocus='this.blur();' href="javascript:showTestDetail('div_ft10.5')" >
        error</a>

    <div id='div_ft10.5' class="popup_window">
        <div style='text-align: right; color:red;cursor:pointer'>
        <a onfocus='this.blur();' onclick="document.getElementById('div_ft10.5').style.display = 'none' " >
           [x]</a>
        </div>
        <pre>
        
ft10.5: Traceback (most recent call last):
  File "C:\work\SWMM-EPANET_User_Interface\test\core\swmm\test_temperature.py", line 74, in test_windspeed_monthly
    self.my_options.set_text(test_windspeed_monthly)
AttributeError: 'Temperature' object has no attribute 'set_text'


        </pre>
    </div>
    <!--css div popup end-->

    </td>
</tr>

<tr id='ft10.6' class='none'>
    <td class='errorCase'><div class='testcase'>test_windspeed_file_wt_temperature: Test windspeed file wt temperature</div></td>
    <td colspan='5' align='center'>

    <!--css div popup start-->
    <a class="popup_link" onfocus='this.blur();' href="javascript:showTestDetail('div_ft10.6')" >
        error</a>

    <div id='div_ft10.6' class="popup_window">
        <div style='text-align: right; color:red;cursor:pointer'>
        <a onfocus='this.blur();' onclick="document.getElementById('div_ft10.6').style.display = 'none' " >
           [x]</a>
        </div>
        <pre>
        
ft10.6: Traceback (most recent call last):
  File "C:\work\SWMM-EPANET_User_Interface\test\core\swmm\test_temperature.py", line 90, in test_windspeed_file_wt_temperature
    self.my_options.set_text(test_windspeed_file)
AttributeError: 'Temperature' object has no attribute 'set_text'


        </pre>
    </div>
    <!--css div popup end-->

    </td>
</tr>

<tr id='ft10.7' class='none'>
    <td class='errorCase'><div class='testcase'>test_windspeed_file_fail: Test windspeed file - 2</div></td>
    <td colspan='5' align='center'>

    <!--css div popup start-->
    <a class="popup_link" onfocus='this.blur();' href="javascript:showTestDetail('div_ft10.7')" >
        error</a>

    <div id='div_ft10.7' class="popup_window">
        <div style='text-align: right; color:red;cursor:pointer'>
        <a onfocus='this.blur();' onclick="document.getElementById('div_ft10.7').style.display = 'none' " >
           [x]</a>
        </div>
        <pre>
        
ft10.7: Traceback (most recent call last):
  File "C:\work\SWMM-EPANET_User_Interface\test\core\swmm\test_temperature.py", line 106, in test_windspeed_file_fail
    self.my_options.set_text(test_windspeed_file)
AttributeError: 'Temperature' object has no attribute 'set_text'


        </pre>
    </div>
    <!--css div popup end-->

    </td>
</tr>

<tr id='ft10.8' class='none'>
    <td class='errorCase'><div class='testcase'>test_snowmelt: Test snowmelt</div></td>
    <td colspan='5' align='center'>

    <!--css div popup start-->
    <a class="popup_link" onfocus='this.blur();' href="javascript:showTestDetail('div_ft10.8')" >
        error</a>

    <div id='div_ft10.8' class="popup_window">
        <div style='text-align: right; color:red;cursor:pointer'>
        <a onfocus='this.blur();' onclick="document.getElementById('div_ft10.8').style.display = 'none' " >
           [x]</a>
        </div>
        <pre>
        
ft10.8: Traceback (most recent call last):
  File "C:\work\SWMM-EPANET_User_Interface\test\core\swmm\test_temperature.py", line 123, in test_snowmelt
    self.my_options.set_text(test_snowmelt)
AttributeError: 'Temperature' object has no attribute 'set_text'


        </pre>
    </div>
    <!--css div popup end-->

    </td>
</tr>

<tr id='ft10.9' class='none'>
    <td class='errorCase'><div class='testcase'>test_snowmelt_fail: Test snowmelt wo one ADC PERVIOUS, assert failed</div></td>
    <td colspan='5' align='center'>

    <!--css div popup start-->
    <a class="popup_link" onfocus='this.blur();' href="javascript:showTestDetail('div_ft10.9')" >
        error</a>

    <div id='div_ft10.9' class="popup_window">
        <div style='text-align: right; color:red;cursor:pointer'>
        <a onfocus='this.blur();' onclick="document.getElementById('div_ft10.9').style.display = 'none' " >
           [x]</a>
        </div>
        <pre>
        
ft10.9: Traceback (most recent call last):
  File "C:\work\SWMM-EPANET_User_Interface\test\core\swmm\test_temperature.py", line 139, in test_snowmelt_fail
    self.my_options.set_text(test_snowmelt)
AttributeError: 'Temperature' object has no attribute 'set_text'


        </pre>
    </div>
    <!--css div popup end-->

    </td>
</tr>

<tr id='ft10.10' class='none'>
    <td class='errorCase'><div class='testcase'>test_snowmelt_wo_adc: Test snowmelt -- Remove both ADCs</div></td>
    <td colspan='5' align='center'>

    <!--css div popup start-->
    <a class="popup_link" onfocus='this.blur();' href="javascript:showTestDetail('div_ft10.10')" >
        error</a>

    <div id='div_ft10.10' class="popup_window">
        <div style='text-align: right; color:red;cursor:pointer'>
        <a onfocus='this.blur();' onclick="document.getElementById('div_ft10.10').style.display = 'none' " >
           [x]</a>
        </div>
        <pre>
        
ft10.10: Traceback (most recent call last):
  File "C:\work\SWMM-EPANET_User_Interface\test\core\swmm\test_temperature.py", line 153, in test_snowmelt_wo_adc
    self.my_options.set_text(test_snowmelt)
AttributeError: 'Temperature' object has no attribute 'set_text'


        </pre>
    </div>
    <!--css div popup end-->

    </td>
</tr>

<tr id='ft10.11' class='none'>
    <td class='errorCase'><div class='testcase'>test_snowmelt_wo_temperature: Test snowmelt -- without temperature</div></td>
    <td colspan='5' align='center'>

    <!--css div popup start-->
    <a class="popup_link" onfocus='this.blur();' href="javascript:showTestDetail('div_ft10.11')" >
        error</a>

    <div id='div_ft10.11' class="popup_window">
        <div style='text-align: right; color:red;cursor:pointer'>
        <a onfocus='this.blur();' onclick="document.getElementById('div_ft10.11').style.display = 'none' " >
           [x]</a>
        </div>
        <pre>
        
ft10.11: Traceback (most recent call last):
  File "C:\work\SWMM-EPANET_User_Interface\test\core\swmm\test_temperature.py", line 167, in test_snowmelt_wo_temperature
    self.my_options.set_text(test_snowmelt)
AttributeError: 'Temperature' object has no attribute 'set_text'


        </pre>
    </div>
    <!--css div popup end-->

    </td>
</tr>

<tr class='errorClass'>
    <td>test_adjustments.AdjustmentsTest: Test ADJUSTMENT section in climatology</td>
    <td>4</td>
    <td>0</td>
    <td>0</td>
    <td>4</td>
    <td><a href="javascript:showClassDetail('c11',4)">Detail</a></td>
</tr>

<tr id='ft11.1' class='none'>
    <td class='errorCase'><div class='testcase'>test_default: Test default, default is empty string, no adjustments</div></td>
    <td colspan='5' align='center'>

    <!--css div popup start-->
    <a class="popup_link" onfocus='this.blur();' href="javascript:showTestDetail('div_ft11.1')" >
        error</a>

    <div id='div_ft11.1' class="popup_window">
        <div style='text-align: right; color:red;cursor:pointer'>
        <a onfocus='this.blur();' onclick="document.getElementById('div_ft11.1').style.display = 'none' " >
           [x]</a>
        </div>
        <pre>
        
ft11.1: Traceback (most recent call last):
  File "C:\work\SWMM-EPANET_User_Interface\test\core\swmm\test_adjustments.py", line 14, in test_default
    actual_text = self.my_options.get_text()
AttributeError: 'Adjustments' object has no attribute 'get_text'


        </pre>
    </div>
    <!--css div popup end-->

    </td>
</tr>

<tr id='ft11.2' class='none'>
    <td class='errorCase'><div class='testcase'>test_all_opts: Test all options with Example 1g in SWMM 5.1.</div></td>
    <td colspan='5' align='center'>

    <!--css div popup start-->
    <a class="popup_link" onfocus='this.blur();' href="javascript:showTestDetail('div_ft11.2')" >
        error</a>

    <div id='div_ft11.2' class="popup_window">
        <div style='text-align: right; color:red;cursor:pointer'>
        <a onfocus='this.blur();' onclick="document.getElementById('div_ft11.2').style.display = 'none' " >
           [x]</a>
        </div>
        <pre>
        
ft11.2: Traceback (most recent call last):
  File "C:\work\SWMM-EPANET_User_Interface\test\core\swmm\test_adjustments.py", line 32, in test_all_opts
    self.my_options.set_text(test_all_ops)
AttributeError: 'Adjustments' object has no attribute 'set_text'


        </pre>
    </div>
    <!--css div popup end-->

    </td>
</tr>

<tr id='ft11.3' class='none'>
    <td class='errorCase'><div class='testcase'>test_miss_col: Edge Case 1: Missing a column - did not pass, expected to fail.</div></td>
    <td colspan='5' align='center'>

    <!--css div popup start-->
    <a class="popup_link" onfocus='this.blur();' href="javascript:showTestDetail('div_ft11.3')" >
        error</a>

    <div id='div_ft11.3' class="popup_window">
        <div style='text-align: right; color:red;cursor:pointer'>
        <a onfocus='this.blur();' onclick="document.getElementById('div_ft11.3').style.display = 'none' " >
           [x]</a>
        </div>
        <pre>
        
ft11.3: Traceback (most recent call last):
  File "C:\work\SWMM-EPANET_User_Interface\test\core\swmm\test_adjustments.py", line 51, in test_miss_col
    self.my_options.set_text(test_missing_col)
AttributeError: 'Adjustments' object has no attribute 'set_text'


        </pre>
    </div>
    <!--css div popup end-->

    </td>
</tr>

<tr id='ft11.4' class='none'>
    <td class='errorCase'><div class='testcase'>test_miss_row: Edge Case 2: Missing a row - did not pass, expected to fail</div></td>
    <td colspan='5' align='center'>

    <!--css div popup start-->
    <a class="popup_link" onfocus='this.blur();' href="javascript:showTestDetail('div_ft11.4')" >
        error</a>

    <div id='div_ft11.4' class="popup_window">
        <div style='text-align: right; color:red;cursor:pointer'>
        <a onfocus='this.blur();' onclick="document.getElementById('div_ft11.4').style.display = 'none' " >
           [x]</a>
        </div>
        <pre>
        
ft11.4: Traceback (most recent call last):
  File "C:\work\SWMM-EPANET_User_Interface\test\core\swmm\test_adjustments.py", line 70, in test_miss_row
    self.my_options.set_text(test_missing_row)
AttributeError: 'Adjustments' object has no attribute 'set_text'


        </pre>
    </div>
    <!--css div popup end-->

    </td>
</tr>

<tr class='passClass'>
    <td>test_aquifers.SimpleAquifersTest: Test AQUIFERS section</td>
    <td>2</td>
    <td>2</td>
    <td>0</td>
    <td>0</td>
    <td><a href="javascript:showClassDetail('c12',2)">Detail</a></td>
</tr>

<tr id='pt12.1' class='hiddenRow'>
    <td class='none'><div class='testcase'>test_aquifer: Test one set of aquifer parameters in Example 5</div></td>
    <td colspan='5' align='center'>pass</td>
</tr>

<tr id='pt12.2' class='hiddenRow'>
    <td class='none'><div class='testcase'>test_aquifers: Test AQUIFERS section using the Project class</div></td>
    <td colspan='5' align='center'>pass</td>
</tr>

<tr class='failClass'>
    <td>test_lid_controls.SimpleLIDControlTest: Test LID_CONTROLS section</td>
    <td>3</td>
    <td>2</td>
    <td>1</td>
    <td>0</td>
    <td><a href="javascript:showClassDetail('c13',3)">Detail</a></td>
</tr>

<tr id='pt13.1' class='hiddenRow'>
    <td class='none'><div class='testcase'>test_lid_surface: Test LID parameters from Example 4a, examined according to SWMM 5.1 manual</div></td>
    <td colspan='5' align='center'>pass</td>
</tr>

<tr id='pt13.2' class='hiddenRow'>
    <td class='none'><div class='testcase'>test_lid_control</div></td>
    <td colspan='5' align='center'>pass</td>
</tr>

<tr id='ft13.3' class='none'>
    <td class='failCase'><div class='testcase'>test_example4a: Test LID parameters from Example 4a, examined according to SWMM 5.1 manual</div></td>
    <td colspan='5' align='center'>

    <!--css div popup start-->
    <a class="popup_link" onfocus='this.blur();' href="javascript:showTestDetail('div_ft13.3')" >
        fail</a>

    <div id='div_ft13.3' class="popup_window">
        <div style='text-align: right; color:red;cursor:pointer'>
        <a onfocus='this.blur();' onclick="document.getElementById('div_ft13.3').style.display = 'none' " >
           [x]</a>
        </div>
        <pre>
        
ft13.3: Traceback (most recent call last):
  File "C:\work\SWMM-EPANET_User_Interface\test\core\swmm\test_lid_controls.py", line 102, in test_example4a
    self.assertTrue(match_omit(actual_text, source_text, " \t-;\n"), msg)
AssertionError: 
Set:

[LID_CONTROLS]
GreenRoof        BC
GreenRoof        SURFACE    0.0        0.0        0.1        1.0        5
GreenRoof        SOIL       3          0.5        0.2        0.1        0.5        10.0       3.5
GreenRoof        STORAGE    1          0.75       0          0
GreenRoof        DRAIN      1          0.5        0          6

PorousPave       PP
PorousPave       SURFACE    0.0        0.0        0.02       2          5
PorousPave       PAVEMENT   6          0.15       0          100        0
PorousPave       STORAGE    12         0.75       0.2        0
PorousPave       DRAIN      0          0.5        0          6

Planters         BC
Planters         SURFACE    6          0.0        0.0        0.0        5
Planters         SOIL       12         0.5        0.2        0.1        0.5        10.0       3.5
Planters         STORAGE    12         0.5        0.2        0
Planters         DRAIN      0          1          0.5        6

InfilTrench      IT
InfilTrench      SURFACE    0.0        0.0        0.24       0.4        5
InfilTrench      STORAGE    36         0.40       0.2        0
InfilTrench      DRAIN      0          0.5        0          6

RainBarrels      RB
RainBarrels      STORAGE    48         1          0          0
RainBarrels      DRAIN      1          0.5        0          6

Swale            VS
Swale            SURFACE    36         0.0        0.24       1.0        5
Get:
[LID_CONTROLS]
;;Name          	Type/Layer	Parameters
;;--------------	----------	----------
GreenRoof	BC
GreenRoof	SURFACE	0.0	0.0	0.1	1.0	5
GreenRoof	SOIL	3	0.5	0.2	0.1	0.5	10.0	3.5
GreenRoof	STORAGE	1	0.75	0	0
GreenRoof	DRAIN	1	0.5	0	6
PorousPave	PP
PorousPave	SURFACE	0.0	0.0	0.02	2	5
PorousPave	PAVEMENT	6	0.15	0	100	0
PorousPave	STORAGE	12	0.75	0.2	0
PorousPave	DRAIN	0	0.5	0	6
Planters	BC
Planters	SURFACE	6	0.0	0.0	0.0	5
Planters	SOIL	12	0.5	0.2	0.1	0.5	10.0	3.5
Planters	STORAGE	12	0.5	0.2	0
Planters	DRAIN	0	1	0.5	6
InfilTrench	IT
InfilTrench	SURFACE	0.0	0.0	0.24	0.4	5
InfilTrench	STORAGE	36	0.40	0.2	0
InfilTrench	DRAIN	0	0.5	0	6
RainBarrels	RB
RainBarrels	STORAGE	48	1	0	0
RainBarrels	DRAIN	1	0.5	0	6
Swale	VS
Swale	SURFACE	36	0.0	0.24	1.0	5


        </pre>
    </div>
    <!--css div popup end-->

    </td>
</tr>

<tr class='errorClass'>
    <td>test_snowpack.SimpleSnowPackTest</td>
    <td>3</td>
    <td>0</td>
    <td>0</td>
    <td>3</td>
    <td><a href="javascript:showClassDetail('c14',3)">Detail</a></td>
</tr>

<tr id='ft14.1' class='none'>
    <td class='errorCase'><div class='testcase'>test_one_pack: Test one snow pack</div></td>
    <td colspan='5' align='center'>

    <!--css div popup start-->
    <a class="popup_link" onfocus='this.blur();' href="javascript:showTestDetail('div_ft14.1')" >
        error</a>

    <div id='div_ft14.1' class="popup_window">
        <div style='text-align: right; color:red;cursor:pointer'>
        <a onfocus='this.blur();' onclick="document.getElementById('div_ft14.1').style.display = 'none' " >
           [x]</a>
        </div>
        <pre>
        
ft14.1: Traceback (most recent call last):
  File "C:\work\SWMM-EPANET_User_Interface\test\core\swmm\test_snowpack.py", line 32, in test_one_pack
    self.my_options.set_text(test_snowpack_all)
AttributeError: 'SnowPack' object has no attribute 'set_text'


        </pre>
    </div>
    <!--css div popup end-->

    </td>
</tr>

<tr id='ft14.2' class='none'>
    <td class='errorCase'><div class='testcase'>test_one_type: test only one type</div></td>
    <td colspan='5' align='center'>

    <!--css div popup start-->
    <a class="popup_link" onfocus='this.blur();' href="javascript:showTestDetail('div_ft14.2')" >
        error</a>

    <div id='div_ft14.2' class="popup_window">
        <div style='text-align: right; color:red;cursor:pointer'>
        <a onfocus='this.blur();' onclick="document.getElementById('div_ft14.2').style.display = 'none' " >
           [x]</a>
        </div>
        <pre>
        
ft14.2: Traceback (most recent call last):
  File "C:\work\SWMM-EPANET_User_Interface\test\core\swmm\test_snowpack.py", line 44, in test_one_type
    self.my_options.set_text(test_snowpack_removal)
AttributeError: 'SnowPack' object has no attribute 'set_text'


        </pre>
    </div>
    <!--css div popup end-->

    </td>
</tr>

<tr id='ft14.3' class='none'>
    <td class='errorCase'><div class='testcase'>test_snowpacks_section: Test SNOWPACKS section</div></td>
    <td colspan='5' align='center'>

    <!--css div popup start-->
    <a class="popup_link" onfocus='this.blur();' href="javascript:showTestDetail('div_ft14.3')" >
        error</a>

    <div id='div_ft14.3' class="popup_window">
        <div style='text-align: right; color:red;cursor:pointer'>
        <a onfocus='this.blur();' onclick="document.getElementById('div_ft14.3').style.display = 'none' " >
           [x]</a>
        </div>
        <pre>
        
ft14.3: Traceback (most recent call last):
  File "C:\work\SWMM-EPANET_User_Interface\test\core\swmm\test_snowpack.py", line 64, in test_snowpacks_section
    from_text = Project()
NameError: global name 'Project' is not defined


        </pre>
    </div>
    <!--css div popup end-->

    </td>
</tr>

<tr class='errorClass'>
    <td>test_subcatchments.SimpleSubcatchmentTest: Test SUBCATCHMENTS section</td>
    <td>4</td>
    <td>0</td>
    <td>0</td>
    <td>4</td>
    <td><a href="javascript:showClassDetail('c15',4)">Detail</a></td>
</tr>

<tr id='ft15.1' class='none'>
    <td class='errorCase'><div class='testcase'>test_pk: Test one set of subcatchment parameters with spack</div></td>
    <td colspan='5' align='center'>

    <!--css div popup start-->
    <a class="popup_link" onfocus='this.blur();' href="javascript:showTestDetail('div_ft15.1')" >
        error</a>

    <div id='div_ft15.1' class="popup_window">
        <div style='text-align: right; color:red;cursor:pointer'>
        <a onfocus='this.blur();' onclick="document.getElementById('div_ft15.1').style.display = 'none' " >
           [x]</a>
        </div>
        <pre>
        
ft15.1: Traceback (most recent call last):
  File "C:\work\SWMM-EPANET_User_Interface\test\core\swmm\test_subcatchments.py", line 22, in test_pk
    self.my_options.set_text(test_subcatchment_all)
AttributeError: 'Subcatchment' object has no attribute 'set_text'


        </pre>
    </div>
    <!--css div popup end-->

    </td>
</tr>

<tr id='ft15.2' class='none'>
    <td class='errorCase'><div class='testcase'>test_nopk: Test one set of subcatchment parameters without spack</div></td>
    <td colspan='5' align='center'>

    <!--css div popup start-->
    <a class="popup_link" onfocus='this.blur();' href="javascript:showTestDetail('div_ft15.2')" >
        error</a>

    <div id='div_ft15.2' class="popup_window">
        <div style='text-align: right; color:red;cursor:pointer'>
        <a onfocus='this.blur();' onclick="document.getElementById('div_ft15.2').style.display = 'none' " >
           [x]</a>
        </div>
        <pre>
        
ft15.2: Traceback (most recent call last):
  File "C:\work\SWMM-EPANET_User_Interface\test\core\swmm\test_subcatchments.py", line 32, in test_nopk
    self.my_options.set_text(test_subcatchment_wospack)
AttributeError: 'Subcatchment' object has no attribute 'set_text'


        </pre>
    </div>
    <!--css div popup end-->

    </td>
</tr>

<tr id='ft15.3' class='none'>
    <td class='errorCase'><div class='testcase'>test_missing: Test one set of subcatchment parameters missing last two parameters Slope and Clength</div></td>
    <td colspan='5' align='center'>

    <!--css div popup start-->
    <a class="popup_link" onfocus='this.blur();' href="javascript:showTestDetail('div_ft15.3')" >
        error</a>

    <div id='div_ft15.3' class="popup_window">
        <div style='text-align: right; color:red;cursor:pointer'>
        <a onfocus='this.blur();' onclick="document.getElementById('div_ft15.3').style.display = 'none' " >
           [x]</a>
        </div>
        <pre>
        
ft15.3: Traceback (most recent call last):
  File "C:\work\SWMM-EPANET_User_Interface\test\core\swmm\test_subcatchments.py", line 41, in test_missing
    self.my_options.set_text(test_subcatchment_partial)
AttributeError: 'Subcatchment' object has no attribute 'set_text'


        </pre>
    </div>
    <!--css div popup end-->

    </td>
</tr>

<tr id='ft15.4' class='none'>
    <td class='errorCase'><div class='testcase'>test_subcatchments: Test SUBCATCHMENTS section from Example 1</div></td>
    <td colspan='5' align='center'>

    <!--css div popup start-->
    <a class="popup_link" onfocus='this.blur();' href="javascript:showTestDetail('div_ft15.4')" >
        error</a>

    <div id='div_ft15.4' class="popup_window">
        <div style='text-align: right; color:red;cursor:pointer'>
        <a onfocus='this.blur();' onclick="document.getElementById('div_ft15.4').style.display = 'none' " >
           [x]</a>
        </div>
        <pre>
        
ft15.4: Traceback (most recent call last):
  File "C:\work\SWMM-EPANET_User_Interface\test\core\swmm\test_subcatchments.py", line 61, in test_subcatchments
    from_text = Project()
NameError: global name 'Project' is not defined


        </pre>
    </div>
    <!--css div popup end-->

    </td>
</tr>

<tr class='errorClass'>
    <td>test_infiltrations.InfiltrationTest: Test INFILTRATION section</td>
    <td>6</td>
    <td>3</td>
    <td>0</td>
    <td>3</td>
    <td><a href="javascript:showClassDetail('c16',6)">Detail</a></td>
</tr>

<tr id='pt16.1' class='hiddenRow'>
    <td class='none'><div class='testcase'>test_horton: Test Horton infiltration created based on SWMM 5.1 manual</div></td>
    <td colspan='5' align='center'>pass</td>
</tr>

<tr id='pt16.2' class='hiddenRow'>
    <td class='none'><div class='testcase'>test_greenampt: Test GreenAmpt infiltration created based on SWMM 5.1 manual</div></td>
    <td colspan='5' align='center'>pass</td>
</tr>

<tr id='pt16.3' class='hiddenRow'>
    <td class='none'><div class='testcase'>test_curvenumber: Test Curver number infiltration created based on SWMM 5.1 manual</div></td>
    <td colspan='5' align='center'>pass</td>
</tr>

<tr id='ft16.4' class='none'>
    <td class='errorCase'><div class='testcase'>test_horton_infiltration_section: Test INFILTRATION section Horton type</div></td>
    <td colspan='5' align='center'>

    <!--css div popup start-->
    <a class="popup_link" onfocus='this.blur();' href="javascript:showTestDetail('div_ft16.4')" >
        error</a>

    <div id='div_ft16.4' class="popup_window">
        <div style='text-align: right; color:red;cursor:pointer'>
        <a onfocus='this.blur();' onclick="document.getElementById('div_ft16.4').style.display = 'none' " >
           [x]</a>
        </div>
        <pre>
        
ft16.4: Traceback (most recent call last):
  File "C:\work\SWMM-EPANET_User_Interface\test\core\swmm\test_infiltrations.py", line 61, in test_horton_infiltration_section
    actual_text = self.project_writer.write_infiltration.as_text(section_from_text)
AttributeError: 'ProjectWriter' object has no attribute 'write_infiltration'


        </pre>
    </div>
    <!--css div popup end-->

    </td>
</tr>

<tr id='ft16.5' class='none'>
    <td class='errorCase'><div class='testcase'>test_greenampt_infiltration_section: Test INFILTRATION section Example 4a Green Ampt type</div></td>
    <td colspan='5' align='center'>

    <!--css div popup start-->
    <a class="popup_link" onfocus='this.blur();' href="javascript:showTestDetail('div_ft16.5')" >
        error</a>

    <div id='div_ft16.5' class="popup_window">
        <div style='text-align: right; color:red;cursor:pointer'>
        <a onfocus='this.blur();' onclick="document.getElementById('div_ft16.5').style.display = 'none' " >
           [x]</a>
        </div>
        <pre>
        
ft16.5: Traceback (most recent call last):
  File "C:\work\SWMM-EPANET_User_Interface\test\core\swmm\test_infiltrations.py", line 80, in test_greenampt_infiltration_section
    actual_text = self.project_writer.write_infiltration.as_text(section_from_text)
AttributeError: 'ProjectWriter' object has no attribute 'write_infiltration'


        </pre>
    </div>
    <!--css div popup end-->

    </td>
</tr>

<tr id='ft16.6' class='none'>
    <td class='errorCase'><div class='testcase'>test_curvenumber_infiltration_section: Test INFILTRATION section curve_number type</div></td>
    <td colspan='5' align='center'>

    <!--css div popup start-->
    <a class="popup_link" onfocus='this.blur();' href="javascript:showTestDetail('div_ft16.6')" >
        error</a>

    <div id='div_ft16.6' class="popup_window">
        <div style='text-align: right; color:red;cursor:pointer'>
        <a onfocus='this.blur();' onclick="document.getElementById('div_ft16.6').style.display = 'none' " >
           [x]</a>
        </div>
        <pre>
        
ft16.6: Traceback (most recent call last):
  File "C:\work\SWMM-EPANET_User_Interface\test\core\swmm\test_infiltrations.py", line 99, in test_curvenumber_infiltration_section
    actual_text = self.project_writer.write_infiltration.as_text(section_from_text)
AttributeError: 'ProjectWriter' object has no attribute 'write_infiltration'


        </pre>
    </div>
    <!--css div popup end-->

    </td>
</tr>

<tr class='passClass'>
    <td>test_groundwater.SimpleGroundwaterTest: Test GROUNDWATER section</td>
    <td>2</td>
    <td>2</td>
    <td>0</td>
    <td>0</td>
    <td><a href="javascript:showClassDetail('c17',2)">Detail</a></td>
</tr>

<tr id='pt17.1' class='hiddenRow'>
    <td class='none'><div class='testcase'>test_groundwater: Test one set of groundwater parameters</div></td>
    <td colspan='5' align='center'>pass</td>
</tr>

<tr id='pt17.2' class='hiddenRow'>
    <td class='none'><div class='testcase'>test_groundwater_section: Test GROUNDWATER section through Project Class</div></td>
    <td colspan='5' align='center'>pass</td>
</tr>

<tr class='passClass'>
    <td>test_lid_usage.SimpleLIDUsageTest: Test LIDUSAGE section</td>
    <td>2</td>
    <td>2</td>
    <td>0</td>
    <td>0</td>
    <td><a href="javascript:showClassDetail('c18',2)">Detail</a></td>
</tr>

<tr id='pt18.1' class='hiddenRow'>
    <td class='none'><div class='testcase'>test_lid_usage: Test aquifer parameters from SWMM 5.1 manual</div></td>
    <td colspan='5' align='center'>pass</td>
</tr>

<tr id='pt18.2' class='hiddenRow'>
    <td class='none'><div class='testcase'>test_lid_usage_section: Test LIDUSAGE section through Project class</div></td>
    <td colspan='5' align='center'>pass</td>
</tr>

<tr class='failClass'>
    <td>test_coverages.SimpleCoverageTest: Test COVERAGES section</td>
    <td>3</td>
    <td>1</td>
    <td>2</td>
    <td>0</td>
    <td><a href="javascript:showClassDetail('c19',3)">Detail</a></td>
</tr>

<tr id='ft19.1' class='none'>
    <td class='failCase'><div class='testcase'>test_coverage: Test one set of Coverage parameters from Example 5</div></td>
    <td colspan='5' align='center'>

    <!--css div popup start-->
    <a class="popup_link" onfocus='this.blur();' href="javascript:showTestDetail('div_ft19.1')" >
        fail</a>

    <div id='div_ft19.1' class="popup_window">
        <div style='text-align: right; color:red;cursor:pointer'>
        <a onfocus='this.blur();' onclick="document.getElementById('div_ft19.1').style.display = 'none' " >
           [x]</a>
        </div>
        <pre>
        
ft19.1: Traceback (most recent call last):
  File "C:\work\SWMM-EPANET_User_Interface\test\core\swmm\test_coverages.py", line 24, in test_coverage
    self.assertTrue(match(actual_text, test_text), msg)
AssertionError: 
Set:S2      Residential_1    27
Get:


        </pre>
    </div>
    <!--css div popup end-->

    </td>
</tr>

<tr id='pt19.2' class='hiddenRow'>
    <td class='none'><div class='testcase'>test_default_coverages: Test default, empty string wo section name</div></td>
    <td colspan='5' align='center'>pass</td>
</tr>

<tr id='ft19.3' class='none'>
    <td class='failCase'><div class='testcase'>test_coverages: Test aquifer parameters in Example 5</div></td>
    <td colspan='5' align='center'>

    <!--css div popup start-->
    <a class="popup_link" onfocus='this.blur();' href="javascript:showTestDetail('div_ft19.3')" >
        fail</a>

    <div id='div_ft19.3' class="popup_window">
        <div style='text-align: right; color:red;cursor:pointer'>
        <a onfocus='this.blur();' onclick="document.getElementById('div_ft19.3').style.display = 'none' " >
           [x]</a>
        </div>
        <pre>
        
ft19.3: Traceback (most recent call last):
  File "C:\work\SWMM-EPANET_User_Interface\test\core\swmm\test_coverages.py", line 56, in test_coverages
    self.assertTrue(match(actual_text, test_text), msg)
AssertionError: 
Set:
        [COVERAGES]
        ;;Subcatchment   Land Use         Percent
        ;;-------------- ---------------- ----------
        S1               Residential_1    100
        S2               Residential_1    27
        S2               Residential_2    73
        S3               Residential_1    27
        S3               Residential_2    32
        S4               Residential_1    9
        S4               Residential_2    30
        S4               Commercial       26
        S5               Commercial       98
        S6               Commercial       100
        
Get:


        </pre>
    </div>
    <!--css div popup end-->

    </td>
</tr>

<tr class='errorClass'>
    <td>test_loadings.SimpleLoadingTest: Test LOADINGS section</td>
    <td>2</td>
    <td>0</td>
    <td>1</td>
    <td>1</td>
    <td><a href="javascript:showClassDetail('c20',2)">Detail</a></td>
</tr>

<tr id='ft20.1' class='none'>
    <td class='failCase'><div class='testcase'>test_one_loading: Test all options of one Loading</div></td>
    <td colspan='5' align='center'>

    <!--css div popup start-->
    <a class="popup_link" onfocus='this.blur();' href="javascript:showTestDetail('div_ft20.1')" >
        fail</a>

    <div id='div_ft20.1' class="popup_window">
        <div style='text-align: right; color:red;cursor:pointer'>
        <a onfocus='this.blur();' onclick="document.getElementById('div_ft20.1').style.display = 'none' " >
           [x]</a>
        </div>
        <pre>
        
ft20.1: Traceback (most recent call last):
  File "C:\work\SWMM-EPANET_User_Interface\test\core\swmm\test_loadings.py", line 23, in test_one_loading
    self.assertTrue(match(actual_text, test_text), msg)
AssertionError: 
Set:SB1   TSS         0.1
Get:


        </pre>
    </div>
    <!--css div popup end-->

    </td>
</tr>

<tr id='ft20.2' class='none'>
    <td class='errorCase'><div class='testcase'>test_loading_section: Test LOADINGS section</div></td>
    <td colspan='5' align='center'>

    <!--css div popup start-->
    <a class="popup_link" onfocus='this.blur();' href="javascript:showTestDetail('div_ft20.2')" >
        error</a>

    <div id='div_ft20.2' class="popup_window">
        <div style='text-align: right; color:red;cursor:pointer'>
        <a onfocus='this.blur();' onclick="document.getElementById('div_ft20.2').style.display = 'none' " >
           [x]</a>
        </div>
        <pre>
        
ft20.2: Traceback (most recent call last):
  File "C:\work\SWMM-EPANET_User_Interface\test\core\swmm\test_loadings.py", line 33, in test_loading_section
    section_from_text = self.project_reader.read_loadings.read(source_text)
  File "C:\work\SWMM-EPANET_User_Interface\src\core\swmm\inp_reader_sections.py", line 1432, in read
    new_loading.set_text(subcatchment + ' ' + fields[index] + ' ' + fields[index+1])
AttributeError: 'InitialLoading' object has no attribute 'set_text'


        </pre>
    </div>
    <!--css div popup end-->

    </td>
</tr>

<tr class='failClass'>
    <td>test_hydrographs.SimpleHydrographsTest</td>
    <td>2</td>
    <td>1</td>
    <td>1</td>
    <td>0</td>
    <td><a href="javascript:showClassDetail('c21',2)">Detail</a></td>
</tr>

<tr id='pt21.1' class='hiddenRow'>
    <td class='none'><div class='testcase'>test_hydrograph: Test one hydrograph based on SWMM 5.1 manual</div></td>
    <td colspan='5' align='center'>pass</td>
</tr>

<tr id='ft21.2' class='none'>
    <td class='failCase'><div class='testcase'>test_hydrographs: Test HYDROGRAPHS section</div></td>
    <td colspan='5' align='center'>

    <!--css div popup start-->
    <a class="popup_link" onfocus='this.blur();' href="javascript:showTestDetail('div_ft21.2')" >
        fail</a>

    <div id='div_ft21.2' class="popup_window">
        <div style='text-align: right; color:red;cursor:pointer'>
        <a onfocus='this.blur();' onclick="document.getElementById('div_ft21.2').style.display = 'none' " >
           [x]</a>
        </div>
        <pre>
        
ft21.2: Traceback (most recent call last):
  File "C:\work\SWMM-EPANET_User_Interface\test\core\swmm\test_hydrographs.py", line 47, in test_hydrographs
    self.assertTrue(match_omit(actual_text, source_text, " \t-;\n"), msg)
AssertionError: 
Set:
[HYDROGRAPHS]
;;Hydrograph	Month	Response	R	T	K	Dmax	Drecov	Dinit
UH101 RG1
UH101 ALL SHORT 0.033 1.0 2.0
UH101 ALL MEDIUM 0.300 3.0 2.0	1	2	3
UH101 ALL LONG 0.033 10.0 2.0
UH101 JUL SHORT 0.033 0.5 2.0
UH101 JUL MEDIUM 0.011 2.0 2.0
Get:
[HYDROGRAPHS]
;;Hydrograph    	Rain Gage/Month 	Response	R       	T       	K       	Dmax    	Drecov  	Dinit   
;;--------------	----------------	--------	--------	--------	--------	--------	--------	--------
;;Hydrograph	Month	Response	R	T	K	Dmax	Drecov	Dinit
UH101           	RG1             
UH101           	ALL             	SHORT   	0.033   	1.0     	2.0     	        	        	        
UH101           	ALL             	MEDIUM  	0.300   	3.0     	2.0     	1       	2       	3       
UH101           	ALL             	LONG    	0.033   	10.0    	2.0     	        	        	        
UH101           	JUL             	SHORT   	0.033   	0.5     	2.0     	        	        	        
UH101           	JUL             	MEDIUM  	0.011   	2.0     	2.0     	        	        	        
xw09/01/2016: Difference in first comment line Month vs. Rain Gage/Month


        </pre>
    </div>
    <!--css div popup end-->

    </td>
</tr>

<tr class='errorClass'>
    <td>test_xsections.SimpleCrossSectionTest: Test XSECTIONS section</td>
    <td>7</td>
    <td>0</td>
    <td>0</td>
    <td>7</td>
    <td><a href="javascript:showClassDetail('c22',7)">Detail</a></td>
</tr>

<tr id='ft22.1' class='none'>
    <td class='errorCase'><div class='testcase'>test_geom: Predefined shapes with Geoms only</div></td>
    <td colspan='5' align='center'>

    <!--css div popup start-->
    <a class="popup_link" onfocus='this.blur();' href="javascript:showTestDetail('div_ft22.1')" >
        error</a>

    <div id='div_ft22.1' class="popup_window">
        <div style='text-align: right; color:red;cursor:pointer'>
        <a onfocus='this.blur();' onclick="document.getElementById('div_ft22.1').style.display = 'none' " >
           [x]</a>
        </div>
        <pre>
        
ft22.1: Traceback (most recent call last):
  File "C:\work\SWMM-EPANET_User_Interface\test\core\swmm\test_xsections.py", line 22, in test_geom
    self.my_options.set_text(test_text)
AttributeError: 'CrossSection' object has no attribute 'set_text'


        </pre>
    </div>
    <!--css div popup end-->

    </td>
</tr>

<tr id='ft22.2' class='none'>
    <td class='errorCase'><div class='testcase'>test_geom_barrel: Predefined shapes with Geoms and Barrel only</div></td>
    <td colspan='5' align='center'>

    <!--css div popup start-->
    <a class="popup_link" onfocus='this.blur();' href="javascript:showTestDetail('div_ft22.2')" >
        error</a>

    <div id='div_ft22.2' class="popup_window">
        <div style='text-align: right; color:red;cursor:pointer'>
        <a onfocus='this.blur();' onclick="document.getElementById('div_ft22.2').style.display = 'none' " >
           [x]</a>
        </div>
        <pre>
        
ft22.2: Traceback (most recent call last):
  File "C:\work\SWMM-EPANET_User_Interface\test\core\swmm\test_xsections.py", line 31, in test_geom_barrel
    self.my_options.set_text(test_text)
AttributeError: 'CrossSection' object has no attribute 'set_text'


        </pre>
    </div>
    <!--css div popup end-->

    </td>
</tr>

<tr id='ft22.3' class='none'>
    <td class='errorCase'><div class='testcase'>test_geom_barrel_culvert: Predefined shapes with Geoms, Barrel and culvert</div></td>
    <td colspan='5' align='center'>

    <!--css div popup start-->
    <a class="popup_link" onfocus='this.blur();' href="javascript:showTestDetail('div_ft22.3')" >
        error</a>

    <div id='div_ft22.3' class="popup_window">
        <div style='text-align: right; color:red;cursor:pointer'>
        <a onfocus='this.blur();' onclick="document.getElementById('div_ft22.3').style.display = 'none' " >
           [x]</a>
        </div>
        <pre>
        
ft22.3: Traceback (most recent call last):
  File "C:\work\SWMM-EPANET_User_Interface\test\core\swmm\test_xsections.py", line 40, in test_geom_barrel_culvert
    self.my_options.set_text(test_text)
AttributeError: 'CrossSection' object has no attribute 'set_text'


        </pre>
    </div>
    <!--css div popup end-->

    </td>
</tr>

<tr id='ft22.4' class='none'>
    <td class='errorCase'><div class='testcase'>test_custom_curve: CUSTOM with Curve only</div></td>
    <td colspan='5' align='center'>

    <!--css div popup start-->
    <a class="popup_link" onfocus='this.blur();' href="javascript:showTestDetail('div_ft22.4')" >
        error</a>

    <div id='div_ft22.4' class="popup_window">
        <div style='text-align: right; color:red;cursor:pointer'>
        <a onfocus='this.blur();' onclick="document.getElementById('div_ft22.4').style.display = 'none' " >
           [x]</a>
        </div>
        <pre>
        
ft22.4: Traceback (most recent call last):
  File "C:\work\SWMM-EPANET_User_Interface\test\core\swmm\test_xsections.py", line 49, in test_custom_curve
    self.my_options.set_text(test_text)
AttributeError: 'CrossSection' object has no attribute 'set_text'


        </pre>
    </div>
    <!--css div popup end-->

    </td>
</tr>

<tr id='ft22.5' class='none'>
    <td class='errorCase'><div class='testcase'>test_custom_curve_barrelnum: CUSTOM with Curve and number of barrels</div></td>
    <td colspan='5' align='center'>

    <!--css div popup start-->
    <a class="popup_link" onfocus='this.blur();' href="javascript:showTestDetail('div_ft22.5')" >
        error</a>

    <div id='div_ft22.5' class="popup_window">
        <div style='text-align: right; color:red;cursor:pointer'>
        <a onfocus='this.blur();' onclick="document.getElementById('div_ft22.5').style.display = 'none' " >
           [x]</a>
        </div>
        <pre>
        
ft22.5: Traceback (most recent call last):
  File "C:\work\SWMM-EPANET_User_Interface\test\core\swmm\test_xsections.py", line 59, in test_custom_curve_barrelnum
    self.my_options.set_text(test_text)
AttributeError: 'CrossSection' object has no attribute 'set_text'


        </pre>
    </div>
    <!--css div popup end-->

    </td>
</tr>

<tr id='ft22.6' class='none'>
    <td class='errorCase'><div class='testcase'>test_irregular_tsectnum: IRREGULAR with Tsect number, example 7</div></td>
    <td colspan='5' align='center'>

    <!--css div popup start-->
    <a class="popup_link" onfocus='this.blur();' href="javascript:showTestDetail('div_ft22.6')" >
        error</a>

    <div id='div_ft22.6' class="popup_window">
        <div style='text-align: right; color:red;cursor:pointer'>
        <a onfocus='this.blur();' onclick="document.getElementById('div_ft22.6').style.display = 'none' " >
           [x]</a>
        </div>
        <pre>
        
ft22.6: Traceback (most recent call last):
  File "C:\work\SWMM-EPANET_User_Interface\test\core\swmm\test_xsections.py", line 70, in test_irregular_tsectnum
    self.my_options.set_text(test_text)
AttributeError: 'CrossSection' object has no attribute 'set_text'


        </pre>
    </div>
    <!--css div popup end-->

    </td>
</tr>

<tr id='ft22.7' class='none'>
    <td class='errorCase'><div class='testcase'>test_xsections_section: Test XSECTIONS: example 3</div></td>
    <td colspan='5' align='center'>

    <!--css div popup start-->
    <a class="popup_link" onfocus='this.blur();' href="javascript:showTestDetail('div_ft22.7')" >
        error</a>

    <div id='div_ft22.7' class="popup_window">
        <div style='text-align: right; color:red;cursor:pointer'>
        <a onfocus='this.blur();' onclick="document.getElementById('div_ft22.7').style.display = 'none' " >
           [x]</a>
        </div>
        <pre>
        
ft22.7: Traceback (most recent call last):
  File "C:\work\SWMM-EPANET_User_Interface\test\core\swmm\test_xsections.py", line 102, in test_xsections_section
    from_text = Project()
NameError: global name 'Project' is not defined


        </pre>
    </div>
    <!--css div popup end-->

    </td>
</tr>

<tr class='errorClass'>
    <td>test_transects.SimpleTransectTest: Test TRANSECTS section</td>
    <td>3</td>
    <td>0</td>
    <td>0</td>
    <td>3</td>
    <td><a href="javascript:showClassDetail('c23',3)">Detail</a></td>
</tr>

<tr id='ft23.1' class='none'>
    <td class='errorCase'><div class='testcase'>test_one_transect: Test one transect from Example-7-final</div></td>
    <td colspan='5' align='center'>

    <!--css div popup start-->
    <a class="popup_link" onfocus='this.blur();' href="javascript:showTestDetail('div_ft23.1')" >
        error</a>

    <div id='div_ft23.1' class="popup_window">
        <div style='text-align: right; color:red;cursor:pointer'>
        <a onfocus='this.blur();' onclick="document.getElementById('div_ft23.1').style.display = 'none' " >
           [x]</a>
        </div>
        <pre>
        
ft23.1: Traceback (most recent call last):
  File "C:\work\SWMM-EPANET_User_Interface\test\core\swmm\test_transects.py", line 25, in test_one_transect
    self.my_options.set_text(test_text)
AttributeError: 'Transect' object has no attribute 'set_text'


        </pre>
    </div>
    <!--css div popup end-->

    </td>
</tr>

<tr id='ft23.2' class='none'>
    <td class='errorCase'><div class='testcase'>test_transects: Test transects:Example-7-final inp</div></td>
    <td colspan='5' align='center'>

    <!--css div popup start-->
    <a class="popup_link" onfocus='this.blur();' href="javascript:showTestDetail('div_ft23.2')" >
        error</a>

    <div id='div_ft23.2' class="popup_window">
        <div style='text-align: right; color:red;cursor:pointer'>
        <a onfocus='this.blur();' onclick="document.getElementById('div_ft23.2').style.display = 'none' " >
           [x]</a>
        </div>
        <pre>
        
ft23.2: Traceback (most recent call last):
  File "C:\work\SWMM-EPANET_User_Interface\test\core\swmm\test_transects.py", line 46, in test_transects
    self.my_options.set_text(test_text)
AttributeError: 'Transects' object has no attribute 'set_text'


        </pre>
    </div>
    <!--css div popup end-->

    </td>
</tr>

<tr id='ft23.3' class='none'>
    <td class='errorCase'><div class='testcase'>test_transect_section: Test transects: using Project</div></td>
    <td colspan='5' align='center'>

    <!--css div popup start-->
    <a class="popup_link" onfocus='this.blur();' href="javascript:showTestDetail('div_ft23.3')" >
        error</a>

    <div id='div_ft23.3' class="popup_window">
        <div style='text-align: right; color:red;cursor:pointer'>
        <a onfocus='this.blur();' onclick="document.getElementById('div_ft23.3').style.display = 'none' " >
           [x]</a>
        </div>
        <pre>
        
ft23.3: Traceback (most recent call last):
  File "C:\work\SWMM-EPANET_User_Interface\test\core\swmm\test_transects.py", line 63, in test_transect_section
    from_text = Project()
NameError: global name 'Project' is not defined


        </pre>
    </div>
    <!--css div popup end-->

    </td>
</tr>

<tr class='errorClass'>
    <td>test_junctions.SimpleJunctionTest: Test JUNCTIONS section</td>
    <td>3</td>
    <td>2</td>
    <td>0</td>
    <td>1</td>
    <td><a href="javascript:showClassDetail('c24',3)">Detail</a></td>
</tr>

<tr id='pt24.1' class='hiddenRow'>
    <td class='none'><div class='testcase'>test_all_opts: Test junction with all options</div></td>
    <td colspan='5' align='center'>pass</td>
</tr>

<tr id='pt24.2' class='hiddenRow'>
    <td class='none'><div class='testcase'>test_selected_parameters: Test junction omit some parameters</div></td>
    <td colspan='5' align='center'>pass</td>
</tr>

<tr id='ft24.3' class='none'>
    <td class='errorCase'><div class='testcase'>test_junctions: Test JUNCTIONS section through Project class</div></td>
    <td colspan='5' align='center'>

    <!--css div popup start-->
    <a class="popup_link" onfocus='this.blur();' href="javascript:showTestDetail('div_ft24.3')" >
        error</a>

    <div id='div_ft24.3' class="popup_window">
        <div style='text-align: right; color:red;cursor:pointer'>
        <a onfocus='this.blur();' onclick="document.getElementById('div_ft24.3').style.display = 'none' " >
           [x]</a>
        </div>
        <pre>
        
ft24.3: Traceback (most recent call last):
  File "C:\work\SWMM-EPANET_User_Interface\test\core\swmm\test_junctions.py", line 59, in test_junctions
    actual_text = self.project_writer.write_junctions.as_text(section_from_text)
  File "C:\work\SWMM-EPANET_User_Interface\src\core\inp_writer_base.py", line 199, in as_text
    item_str = self.list_type_writer.as_text(item)
  File "C:\work\SWMM-EPANET_User_Interface\src\core\swmm\inp_writer_sections.py", line 648, in as_text
    return JunctionWriter.field_format.format(junction.name, junction.elevation,
AttributeError: 'Section' object has no attribute 'name'


        </pre>
    </div>
    <!--css div popup end-->

    </td>
</tr>

<tr class='errorClass'>
    <td>test_outfalls.SimpleOutfallTest: Test OUTFALLS section</td>
    <td>1</td>
    <td>0</td>
    <td>0</td>
    <td>1</td>
    <td><a href="javascript:showClassDetail('c25',1)">Detail</a></td>
</tr>

<tr id='ft25.1' class='none'>
    <td class='errorCase'><div class='testcase'>test_one_outfall: Test one outfall will all parameters</div></td>
    <td colspan='5' align='center'>

    <!--css div popup start-->
    <a class="popup_link" onfocus='this.blur();' href="javascript:showTestDetail('div_ft25.1')" >
        error</a>

    <div id='div_ft25.1' class="popup_window">
        <div style='text-align: right; color:red;cursor:pointer'>
        <a onfocus='this.blur();' onclick="document.getElementById('div_ft25.1').style.display = 'none' " >
           [x]</a>
        </div>
        <pre>
        
ft25.1: Traceback (most recent call last):
  File "C:\work\SWMM-EPANET_User_Interface\test\core\swmm\test_outfalls.py", line 22, in test_one_outfall
    self.my_options.set_text(test_outfall)
AttributeError: 'Outfall' object has no attribute 'set_text'


        </pre>
    </div>
    <!--css div popup end-->

    </td>
</tr>

<tr class='errorClass'>
    <td>test_inflows.SimpleInflowTest: Test INFLOWS section</td>
    <td>5</td>
    <td>1</td>
    <td>2</td>
    <td>2</td>
    <td><a href="javascript:showClassDetail('c26',5)">Detail</a></td>
</tr>

<tr id='ft26.1' class='none'>
    <td class='failCase'><div class='testcase'>test_flow_type: Test inflow: FLOW type</div></td>
    <td colspan='5' align='center'>

    <!--css div popup start-->
    <a class="popup_link" onfocus='this.blur();' href="javascript:showTestDetail('div_ft26.1')" >
        fail</a>

    <div id='div_ft26.1' class="popup_window">
        <div style='text-align: right; color:red;cursor:pointer'>
        <a onfocus='this.blur();' onclick="document.getElementById('div_ft26.1').style.display = 'none' " >
           [x]</a>
        </div>
        <pre>
        
ft26.1: Traceback (most recent call last):
  File "C:\work\SWMM-EPANET_User_Interface\test\core\swmm\test_inflows.py", line 24, in test_flow_type
    self.assertTrue(match(actual_text, test_text), msg)
AssertionError: 
Set:NODE2  FLOW  N2FLOW 
Get:NODE2           	FLOW            	N2FLOW          	FLOW    	1.0     	1.0     	0.0     	        


        </pre>
    </div>
    <!--css div popup end-->

    </td>
</tr>

<tr id='ft26.2' class='none'>
    <td class='failCase'><div class='testcase'>test_mass_type: Test inflow: mass type</div></td>
    <td colspan='5' align='center'>

    <!--css div popup start-->
    <a class="popup_link" onfocus='this.blur();' href="javascript:showTestDetail('div_ft26.2')" >
        fail</a>

    <div id='div_ft26.2' class="popup_window">
        <div style='text-align: right; color:red;cursor:pointer'>
        <a onfocus='this.blur();' onclick="document.getElementById('div_ft26.2').style.display = 'none' " >
           [x]</a>
        </div>
        <pre>
        
ft26.2: Traceback (most recent call last):
  File "C:\work\SWMM-EPANET_User_Interface\test\core\swmm\test_inflows.py", line 42, in test_mass_type
    self.assertTrue(match(actual_text, test_text), msg)
AssertionError: 
Set:NODE65 BOD N65BOD MASS 126
Get:NODE65          	BOD             	N65BOD          	MASS    	126     	1.0     	0.0     	        


        </pre>
    </div>
    <!--css div popup end-->

    </td>
</tr>

<tr id='pt26.3' class='hiddenRow'>
    <td class='none'><div class='testcase'>test_flow_ts_type: Test inflow: flow time series type</div></td>
    <td colspan='5' align='center'>pass</td>
</tr>

<tr id='ft26.4' class='none'>
    <td class='errorCase'><div class='testcase'>test_inflows_flow: Test INFLOWS section with flow type</div></td>
    <td colspan='5' align='center'>

    <!--css div popup start-->
    <a class="popup_link" onfocus='this.blur();' href="javascript:showTestDetail('div_ft26.4')" >
        error</a>

    <div id='div_ft26.4' class="popup_window">
        <div style='text-align: right; color:red;cursor:pointer'>
        <a onfocus='this.blur();' onclick="document.getElementById('div_ft26.4').style.display = 'none' " >
           [x]</a>
        </div>
        <pre>
        
ft26.4: Traceback (most recent call last):
  File "C:\work\SWMM-EPANET_User_Interface\test\core\swmm\test_inflows.py", line 81, in test_inflows_flow
    actual_text = self.project_writer.write_inflows.as_text(section_from_text)
  File "C:\work\SWMM-EPANET_User_Interface\src\core\inp_writer_base.py", line 199, in as_text
    item_str = self.list_type_writer.as_text(item)
  File "C:\work\SWMM-EPANET_User_Interface\src\core\swmm\inp_writer_sections.py", line 747, in as_text
    if direct_inflow.constituent.upper() == "FLOW":
AttributeError: 'Section' object has no attribute 'constituent'


        </pre>
    </div>
    <!--css div popup end-->

    </td>
</tr>

<tr id='ft26.5' class='none'>
    <td class='errorCase'><div class='testcase'>test_inflows_flowts: Test INFLOWS section with FLOW TS type</div></td>
    <td colspan='5' align='center'>

    <!--css div popup start-->
    <a class="popup_link" onfocus='this.blur();' href="javascript:showTestDetail('div_ft26.5')" >
        error</a>

    <div id='div_ft26.5' class="popup_window">
        <div style='text-align: right; color:red;cursor:pointer'>
        <a onfocus='this.blur();' onclick="document.getElementById('div_ft26.5').style.display = 'none' " >
           [x]</a>
        </div>
        <pre>
        
ft26.5: Traceback (most recent call last):
  File "C:\work\SWMM-EPANET_User_Interface\test\core\swmm\test_inflows.py", line 129, in test_inflows_flowts
    actual_text = self.project_writer.write_inflows.as_text(section_from_text)
  File "C:\work\SWMM-EPANET_User_Interface\src\core\inp_writer_base.py", line 199, in as_text
    item_str = self.list_type_writer.as_text(item)
  File "C:\work\SWMM-EPANET_User_Interface\src\core\swmm\inp_writer_sections.py", line 747, in as_text
    if direct_inflow.constituent.upper() == "FLOW":
AttributeError: 'Section' object has no attribute 'constituent'


        </pre>
    </div>
    <!--css div popup end-->

    </td>
</tr>

<tr class='errorClass'>
    <td>test_dwf.SimpleDWITest: Test DryWeatherInflow(DWF) Section</td>
    <td>4</td>
    <td>3</td>
    <td>0</td>
    <td>1</td>
    <td><a href="javascript:showClassDetail('c27',4)">Detail</a></td>
</tr>

<tr id='pt27.1' class='hiddenRow'>
    <td class='none'><div class='testcase'>test_example3: Test one set of DWI from example 3</div></td>
    <td colspan='5' align='center'>pass</td>
</tr>

<tr id='pt27.2' class='hiddenRow'>
    <td class='none'><div class='testcase'>test_example8: Test one set of DWI from example 8</div></td>
    <td colspan='5' align='center'>pass</td>
</tr>

<tr id='ft27.3' class='none'>
    <td class='errorCase'><div class='testcase'>test_dwf_section_example3: Test DWF section from example 3</div></td>
    <td colspan='5' align='center'>

    <!--css div popup start-->
    <a class="popup_link" onfocus='this.blur();' href="javascript:showTestDetail('div_ft27.3')" >
        error</a>

    <div id='div_ft27.3' class="popup_window">
        <div style='text-align: right; color:red;cursor:pointer'>
        <a onfocus='this.blur();' onclick="document.getElementById('div_ft27.3').style.display = 'none' " >
           [x]</a>
        </div>
        <pre>
        
ft27.3: Traceback (most recent call last):
  File "C:\work\SWMM-EPANET_User_Interface\test\core\swmm\test_dwf.py", line 73, in test_dwf_section_example3
    actual_text = self.project_writer.write_dwf.as_text(section_from_text)
  File "C:\work\SWMM-EPANET_User_Interface\src\core\inp_writer_base.py", line 199, in as_text
    item_str = self.list_type_writer.as_text(item)
  File "C:\work\SWMM-EPANET_User_Interface\src\core\swmm\inp_writer_sections.py", line 774, in as_text
    dry_weather_inflow.average) + '\t' + '\t'.join(dry_weather_inflow.time_patterns)
AttributeError: 'Section' object has no attribute 'node'


        </pre>
    </div>
    <!--css div popup end-->

    </td>
</tr>

<tr id='pt27.4' class='hiddenRow'>
    <td class='none'><div class='testcase'>test_dwf_section_example8: Test DWF section from example 8</div></td>
    <td colspan='5' align='center'>pass</td>
</tr>

<tr class='errorClass'>
    <td>test_RDII.SimpleRDIITest: Test RDII section</td>
    <td>2</td>
    <td>0</td>
    <td>0</td>
    <td>2</td>
    <td><a href="javascript:showClassDetail('c28',2)">Detail</a></td>
</tr>

<tr id='ft28.1' class='none'>
    <td class='errorCase'><div class='testcase'>test_one_rdii: Test one set of rdii</div></td>
    <td colspan='5' align='center'>

    <!--css div popup start-->
    <a class="popup_link" onfocus='this.blur();' href="javascript:showTestDetail('div_ft28.1')" >
        error</a>

    <div id='div_ft28.1' class="popup_window">
        <div style='text-align: right; color:red;cursor:pointer'>
        <a onfocus='this.blur();' onclick="document.getElementById('div_ft28.1').style.display = 'none' " >
           [x]</a>
        </div>
        <pre>
        
ft28.1: Traceback (most recent call last):
  File "C:\work\SWMM-EPANET_User_Interface\test\core\swmm\test_RDII.py", line 22, in test_one_rdii
    self.my_options.set_text(test_text)
AttributeError: 'RDIInflow' object has no attribute 'set_text'


        </pre>
    </div>
    <!--css div popup end-->

    </td>
</tr>

<tr id='ft28.2' class='none'>
    <td class='errorCase'><div class='testcase'>test_rdii_section</div></td>
    <td colspan='5' align='center'>

    <!--css div popup start-->
    <a class="popup_link" onfocus='this.blur();' href="javascript:showTestDetail('div_ft28.2')" >
        error</a>

    <div id='div_ft28.2' class="popup_window">
        <div style='text-align: right; color:red;cursor:pointer'>
        <a onfocus='this.blur();' onclick="document.getElementById('div_ft28.2').style.display = 'none' " >
           [x]</a>
        </div>
        <pre>
        
ft28.2: Traceback (most recent call last):
  File "C:\work\SWMM-EPANET_User_Interface\test\core\swmm\test_RDII.py", line 36, in test_rdii_section
    from_text = Project()
NameError: global name 'Project' is not defined


        </pre>
    </div>
    <!--css div popup end-->

    </td>
</tr>

<tr class='errorClass'>
    <td>test_treatment.SimpleTreatmentTest</td>
    <td>3</td>
    <td>0</td>
    <td>0</td>
    <td>3</td>
    <td><a href="javascript:showClassDetail('c29',3)">Detail</a></td>
</tr>

<tr id='ft29.1' class='none'>
    <td class='errorCase'><div class='testcase'>test_bod: BOD first order decay, from SWMM 5.1 manual</div></td>
    <td colspan='5' align='center'>

    <!--css div popup start-->
    <a class="popup_link" onfocus='this.blur();' href="javascript:showTestDetail('div_ft29.1')" >
        error</a>

    <div id='div_ft29.1' class="popup_window">
        <div style='text-align: right; color:red;cursor:pointer'>
        <a onfocus='this.blur();' onclick="document.getElementById('div_ft29.1').style.display = 'none' " >
           [x]</a>
        </div>
        <pre>
        
ft29.1: Traceback (most recent call last):
  File "C:\work\SWMM-EPANET_User_Interface\test\core\swmm\test_treatment.py", line 22, in test_bod
    self.my_options.set_text(test_text)
AttributeError: 'Treatment' object has no attribute 'set_text'


        </pre>
    </div>
    <!--css div popup end-->

    </td>
</tr>

<tr id='ft29.2' class='none'>
    <td class='errorCase'><div class='testcase'>test_lead: Lead removal 20% of TSS removal</div></td>
    <td colspan='5' align='center'>

    <!--css div popup start-->
    <a class="popup_link" onfocus='this.blur();' href="javascript:showTestDetail('div_ft29.2')" >
        error</a>

    <div id='div_ft29.2' class="popup_window">
        <div style='text-align: right; color:red;cursor:pointer'>
        <a onfocus='this.blur();' onclick="document.getElementById('div_ft29.2').style.display = 'none' " >
           [x]</a>
        </div>
        <pre>
        
ft29.2: Traceback (most recent call last):
  File "C:\work\SWMM-EPANET_User_Interface\test\core\swmm\test_treatment.py", line 31, in test_lead
    self.my_options.set_text(test_text)
AttributeError: 'Treatment' object has no attribute 'set_text'


        </pre>
    </div>
    <!--css div popup end-->

    </td>
</tr>

<tr id='ft29.3' class='none'>
    <td class='errorCase'><div class='testcase'>test_treatment_section: Test TREATMENT section</div></td>
    <td colspan='5' align='center'>

    <!--css div popup start-->
    <a class="popup_link" onfocus='this.blur();' href="javascript:showTestDetail('div_ft29.3')" >
        error</a>

    <div id='div_ft29.3' class="popup_window">
        <div style='text-align: right; color:red;cursor:pointer'>
        <a onfocus='this.blur();' onclick="document.getElementById('div_ft29.3').style.display = 'none' " >
           [x]</a>
        </div>
        <pre>
        
ft29.3: Traceback (most recent call last):
  File "C:\work\SWMM-EPANET_User_Interface\test\core\swmm\test_treatment.py", line 48, in test_treatment_section
    from_text = Project()
NameError: global name 'Project' is not defined


        </pre>
    </div>
    <!--css div popup end-->

    </td>
</tr>

<tr class='errorClass'>
    <td>test_pollutants.SimplePollutantTest: Test POLLUTANTS section</td>
    <td>2</td>
    <td>0</td>
    <td>0</td>
    <td>2</td>
    <td><a href="javascript:showClassDetail('c30',2)">Detail</a></td>
</tr>

<tr id='ft30.1' class='none'>
    <td class='errorCase'><div class='testcase'>test_one_pollutant: Test one pollutant</div></td>
    <td colspan='5' align='center'>

    <!--css div popup start-->
    <a class="popup_link" onfocus='this.blur();' href="javascript:showTestDetail('div_ft30.1')" >
        error</a>

    <div id='div_ft30.1' class="popup_window">
        <div style='text-align: right; color:red;cursor:pointer'>
        <a onfocus='this.blur();' onclick="document.getElementById('div_ft30.1').style.display = 'none' " >
           [x]</a>
        </div>
        <pre>
        
ft30.1: Traceback (most recent call last):
  File "C:\work\SWMM-EPANET_User_Interface\test\core\swmm\test_pollutants.py", line 25, in test_one_pollutant
    self.my_options.set_text(test_text)
AttributeError: 'Pollutant' object has no attribute 'set_text'


        </pre>
    </div>
    <!--css div popup end-->

    </td>
</tr>

<tr id='ft30.2' class='none'>
    <td class='errorCase'><div class='testcase'>test_pollutant_section: Test POLLUTANTS section through Project</div></td>
    <td colspan='5' align='center'>

    <!--css div popup start-->
    <a class="popup_link" onfocus='this.blur();' href="javascript:showTestDetail('div_ft30.2')" >
        error</a>

    <div id='div_ft30.2' class="popup_window">
        <div style='text-align: right; color:red;cursor:pointer'>
        <a onfocus='this.blur();' onclick="document.getElementById('div_ft30.2').style.display = 'none' " >
           [x]</a>
        </div>
        <pre>
        
ft30.2: Traceback (most recent call last):
  File "C:\work\SWMM-EPANET_User_Interface\test\core\swmm\test_pollutants.py", line 41, in test_pollutant_section
    from_text = Project()
NameError: global name 'Project' is not defined


        </pre>
    </div>
    <!--css div popup end-->

    </td>
</tr>

<tr class='passClass'>
    <td>test_buildup.SingleBuildupTest: Test BUILDUP section</td>
    <td>2</td>
    <td>2</td>
    <td>0</td>
    <td>0</td>
    <td><a href="javascript:showClassDetail('c31',2)">Detail</a></td>
</tr>

<tr id='pt31.1' class='hiddenRow'>
    <td class='none'><div class='testcase'>test_buildup: Test all options of one Buildup type in SWMM5.1</div></td>
    <td colspan='5' align='center'>pass</td>
</tr>

<tr id='pt31.2' class='hiddenRow'>
    <td class='none'><div class='testcase'>test_buildup_section: Test BUILDUP section using Project class</div></td>
    <td colspan='5' align='center'>pass</td>
</tr>

<tr class='errorClass'>
    <td>test_washoff.SimpleWashoffTest: Test WASHOFF section</td>
    <td>2</td>
    <td>0</td>
    <td>0</td>
    <td>2</td>
    <td><a href="javascript:showClassDetail('c32',2)">Detail</a></td>
</tr>

<tr id='ft32.1' class='none'>
    <td class='errorCase'><div class='testcase'>test_one_washoff: Test all options</div></td>
    <td colspan='5' align='center'>

    <!--css div popup start-->
    <a class="popup_link" onfocus='this.blur();' href="javascript:showTestDetail('div_ft32.1')" >
        error</a>

    <div id='div_ft32.1' class="popup_window">
        <div style='text-align: right; color:red;cursor:pointer'>
        <a onfocus='this.blur();' onclick="document.getElementById('div_ft32.1').style.display = 'none' " >
           [x]</a>
        </div>
        <pre>
        
ft32.1: Traceback (most recent call last):
  File "C:\work\SWMM-EPANET_User_Interface\test\core\swmm\test_washoff.py", line 22, in test_one_washoff
    self.my_options.set_text(test_text)
AttributeError: 'Washoff' object has no attribute 'set_text'


        </pre>
    </div>
    <!--css div popup end-->

    </td>
</tr>

<tr id='ft32.2' class='none'>
    <td class='errorCase'><div class='testcase'>test_washoff_section: Test WASHOFF section</div></td>
    <td colspan='5' align='center'>

    <!--css div popup start-->
    <a class="popup_link" onfocus='this.blur();' href="javascript:showTestDetail('div_ft32.2')" >
        error</a>

    <div id='div_ft32.2' class="popup_window">
        <div style='text-align: right; color:red;cursor:pointer'>
        <a onfocus='this.blur();' onclick="document.getElementById('div_ft32.2').style.display = 'none' " >
           [x]</a>
        </div>
        <pre>
        
ft32.2: Traceback (most recent call last):
  File "C:\work\SWMM-EPANET_User_Interface\test\core\swmm\test_washoff.py", line 39, in test_washoff_section
    from_text = Project()
NameError: global name 'Project' is not defined


        </pre>
    </div>
    <!--css div popup end-->

    </td>
</tr>

<tr class='errorClass'>
    <td>test_landuses.SimpleLanduseTest: Test LANDUSES section</td>
    <td>3</td>
    <td>2</td>
    <td>0</td>
    <td>1</td>
    <td><a href="javascript:showClassDetail('c33',3)">Detail</a></td>
</tr>

<tr id='pt33.1' class='hiddenRow'>
    <td class='none'><div class='testcase'>test_default: Test default of one Landuse</div></td>
    <td colspan='5' align='center'>pass</td>
</tr>

<tr id='pt33.2' class='hiddenRow'>
    <td class='none'><div class='testcase'>test_all_opts: Test all options of one Landuse</div></td>
    <td colspan='5' align='center'>pass</td>
</tr>

<tr id='ft33.3' class='none'>
    <td class='errorCase'><div class='testcase'>test_landuses: Test LANDUSES section</div></td>
    <td colspan='5' align='center'>

    <!--css div popup start-->
    <a class="popup_link" onfocus='this.blur();' href="javascript:showTestDetail('div_ft33.3')" >
        error</a>

    <div id='div_ft33.3' class="popup_window">
        <div style='text-align: right; color:red;cursor:pointer'>
        <a onfocus='this.blur();' onclick="document.getElementById('div_ft33.3').style.display = 'none' " >
           [x]</a>
        </div>
        <pre>
        
ft33.3: Traceback (most recent call last):
  File "C:\work\SWMM-EPANET_User_Interface\test\core\swmm\test_landuses.py", line 46, in test_landuses
    actual_text = self.project_writer.write_landuses.as_text(section_from_text)
  File "C:\work\SWMM-EPANET_User_Interface\src\core\inp_writer_base.py", line 199, in as_text
    item_str = self.list_type_writer.as_text(item)
  File "C:\work\SWMM-EPANET_User_Interface\src\core\swmm\inp_writer_sections.py", line 168, in as_text
    inp += LanduseWriter.field_format.format(landuse.name,
AttributeError: 'Section' object has no attribute 'name'


        </pre>
    </div>
    <!--css div popup end-->

    </td>
</tr>

<tr class='failClass'>
    <td>test_title.SimpleTitleTest: Test TITLE section</td>
    <td>6</td>
    <td>5</td>
    <td>1</td>
    <td>0</td>
    <td><a href="javascript:showClassDetail('c34',6)">Detail</a></td>
</tr>

<tr id='ft34.1' class='none'>
    <td class='failCase'><div class='testcase'>test_bare: Bare section read/write</div></td>
    <td colspan='5' align='center'>

    <!--css div popup start-->
    <a class="popup_link" onfocus='this.blur();' href="javascript:showTestDetail('div_ft34.1')" >
        fail</a>

    <div id='div_ft34.1' class="popup_window">
        <div style='text-align: right; color:red;cursor:pointer'>
        <a onfocus='this.blur();' onclick="document.getElementById('div_ft34.1').style.display = 'none' " >
           [x]</a>
        </div>
        <pre>
        
ft34.1: Traceback (most recent call last):
  File "C:\work\SWMM-EPANET_User_Interface\test\core\swmm\test_title.py", line 19, in test_bare
    self.assertTrue(match(actual_text, test_text), msg)
AssertionError: 
Set:
Get:[TITLE]



        </pre>
    </div>
    <!--css div popup end-->

    </td>
</tr>

<tr id='pt34.2' class='hiddenRow'>
    <td class='none'><div class='testcase'>test_empty: Empty section read/write</div></td>
    <td colspan='5' align='center'>pass</td>
</tr>

<tr id='pt34.3' class='hiddenRow'>
    <td class='none'><div class='testcase'>test_empty_wo_return: Empty section read/write wo ending carriage return</div></td>
    <td colspan='5' align='center'>pass</td>
</tr>

<tr id='pt34.4' class='hiddenRow'>
    <td class='none'><div class='testcase'>test_one_row_wt_return: One-row title wt ending carriage return</div></td>
    <td colspan='5' align='center'>pass</td>
</tr>

<tr id='pt34.5' class='hiddenRow'>
    <td class='none'><div class='testcase'>test_multiple_lines: Test multiple lines with empty lines</div></td>
    <td colspan='5' align='center'>pass</td>
</tr>

<tr id='pt34.6' class='hiddenRow'>
    <td class='none'><div class='testcase'>test_return_before_title: Carriage return before Section title</div></td>
    <td colspan='5' align='center'>pass</td>
</tr>

<tr class='errorClass'>
    <td>test_timeseries.SimpleTimeSeriesTest: Test TIMESERIES section</td>
    <td>4</td>
    <td>0</td>
    <td>0</td>
    <td>4</td>
    <td><a href="javascript:showClassDetail('c35',4)">Detail</a></td>
</tr>

<tr id='ft35.1' class='none'>
    <td class='errorCase'><div class='testcase'>test_file: Use external file, Created based on SWMM 5.1 manual Page335</div></td>
    <td colspan='5' align='center'>

    <!--css div popup start-->
    <a class="popup_link" onfocus='this.blur();' href="javascript:showTestDetail('div_ft35.1')" >
        error</a>

    <div id='div_ft35.1' class="popup_window">
        <div style='text-align: right; color:red;cursor:pointer'>
        <a onfocus='this.blur();' onclick="document.getElementById('div_ft35.1').style.display = 'none' " >
           [x]</a>
        </div>
        <pre>
        
ft35.1: Traceback (most recent call last):
  File "C:\work\SWMM-EPANET_User_Interface\test\core\swmm\test_timeseries.py", line 22, in test_file
    self.my_options.set_text(test_text)
AttributeError: 'TimeSeries' object has no attribute 'set_text'


        </pre>
    </div>
    <!--css div popup end-->

    </td>
</tr>

<tr id='ft35.2' class='none'>
    <td class='errorCase'><div class='testcase'>test_data: Time series data test, modified from SWMM 5.1 manual Page335</div></td>
    <td colspan='5' align='center'>

    <!--css div popup start-->
    <a class="popup_link" onfocus='this.blur();' href="javascript:showTestDetail('div_ft35.2')" >
        error</a>

    <div id='div_ft35.2' class="popup_window">
        <div style='text-align: right; color:red;cursor:pointer'>
        <a onfocus='this.blur();' onclick="document.getElementById('div_ft35.2').style.display = 'none' " >
           [x]</a>
        </div>
        <pre>
        
ft35.2: Traceback (most recent call last):
  File "C:\work\SWMM-EPANET_User_Interface\test\core\swmm\test_timeseries.py", line 32, in test_data
    self.my_options.set_text(test_text)
AttributeError: 'TimeSeries' object has no attribute 'set_text'


        </pre>
    </div>
    <!--css div popup end-->

    </td>
</tr>

<tr id='ft35.3' class='none'>
    <td class='errorCase'><div class='testcase'>test_multiple_lines: Test the multi-line input format</div></td>
    <td colspan='5' align='center'>

    <!--css div popup start-->
    <a class="popup_link" onfocus='this.blur();' href="javascript:showTestDetail('div_ft35.3')" >
        error</a>

    <div id='div_ft35.3' class="popup_window">
        <div style='text-align: right; color:red;cursor:pointer'>
        <a onfocus='this.blur();' onclick="document.getElementById('div_ft35.3').style.display = 'none' " >
           [x]</a>
        </div>
        <pre>
        
ft35.3: Traceback (most recent call last):
  File "C:\work\SWMM-EPANET_User_Interface\test\core\swmm\test_timeseries.py", line 43, in test_multiple_lines
    self.my_options.set_text(test_text)
AttributeError: 'TimeSeries' object has no attribute 'set_text'


        </pre>
    </div>
    <!--css div popup end-->

    </td>
</tr>

<tr id='ft35.4' class='none'>
    <td class='errorCase'><div class='testcase'>test_timeseries_section: Test Example in SWMM 5.1 manual Page335</div></td>
    <td colspan='5' align='center'>

    <!--css div popup start-->
    <a class="popup_link" onfocus='this.blur();' href="javascript:showTestDetail('div_ft35.4')" >
        error</a>

    <div id='div_ft35.4' class="popup_window">
        <div style='text-align: right; color:red;cursor:pointer'>
        <a onfocus='this.blur();' onclick="document.getElementById('div_ft35.4').style.display = 'none' " >
           [x]</a>
        </div>
        <pre>
        
ft35.4: Traceback (most recent call last):
  File "C:\work\SWMM-EPANET_User_Interface\test\core\swmm\test_timeseries.py", line 63, in test_timeseries_section
    from_text = Project()
NameError: global name 'Project' is not defined


        </pre>
    </div>
    <!--css div popup end-->

    </td>
</tr>

<tr class='errorClass'>
    <td>test_patterns.SimplePatternTest: Test PATTERNS section</td>
    <td>6</td>
    <td>0</td>
    <td>0</td>
    <td>6</td>
    <td><a href="javascript:showClassDetail('c36',6)">Detail</a></td>
</tr>

<tr id='ft36.1' class='none'>
    <td class='errorCase'><div class='testcase'>test_hourly: Test Pattern: Hourly total 24 per year</div></td>
    <td colspan='5' align='center'>

    <!--css div popup start-->
    <a class="popup_link" onfocus='this.blur();' href="javascript:showTestDetail('div_ft36.1')" >
        error</a>

    <div id='div_ft36.1' class="popup_window">
        <div style='text-align: right; color:red;cursor:pointer'>
        <a onfocus='this.blur();' onclick="document.getElementById('div_ft36.1').style.display = 'none' " >
           [x]</a>
        </div>
        <pre>
        
ft36.1: Traceback (most recent call last):
  File "C:\work\SWMM-EPANET_User_Interface\test\core\swmm\test_patterns.py", line 57, in test_hourly
    self.my_options.set_text(test_text)
AttributeError: 'Pattern' object has no attribute 'set_text'


        </pre>
    </div>
    <!--css div popup end-->

    </td>
</tr>

<tr id='ft36.2' class='none'>
    <td class='errorCase'><div class='testcase'>test_daily: Test Pattern: Daily total 7 per week</div></td>
    <td colspan='5' align='center'>

    <!--css div popup start-->
    <a class="popup_link" onfocus='this.blur();' href="javascript:showTestDetail('div_ft36.2')" >
        error</a>

    <div id='div_ft36.2' class="popup_window">
        <div style='text-align: right; color:red;cursor:pointer'>
        <a onfocus='this.blur();' onclick="document.getElementById('div_ft36.2').style.display = 'none' " >
           [x]</a>
        </div>
        <pre>
        
ft36.2: Traceback (most recent call last):
  File "C:\work\SWMM-EPANET_User_Interface\test\core\swmm\test_patterns.py", line 23, in test_daily
    self.my_options.set_text(test_text)
AttributeError: 'Pattern' object has no attribute 'set_text'


        </pre>
    </div>
    <!--css div popup end-->

    </td>
</tr>

<tr id='ft36.3' class='none'>
    <td class='errorCase'><div class='testcase'>test_monthly: Test Pattern: Monthly total 12 per year</div></td>
    <td colspan='5' align='center'>

    <!--css div popup start-->
    <a class="popup_link" onfocus='this.blur();' href="javascript:showTestDetail('div_ft36.3')" >
        error</a>

    <div id='div_ft36.3' class="popup_window">
        <div style='text-align: right; color:red;cursor:pointer'>
        <a onfocus='this.blur();' onclick="document.getElementById('div_ft36.3').style.display = 'none' " >
           [x]</a>
        </div>
        <pre>
        
ft36.3: Traceback (most recent call last):
  File "C:\work\SWMM-EPANET_User_Interface\test\core\swmm\test_patterns.py", line 37, in test_monthly
    self.my_options.set_text(test_text)
AttributeError: 'Pattern' object has no attribute 'set_text'


        </pre>
    </div>
    <!--css div popup end-->

    </td>
</tr>

<tr id='ft36.4' class='none'>
    <td class='errorCase'><div class='testcase'>test_weekly: Test Pattern: Weekend total 24 per day</div></td>
    <td colspan='5' align='center'>

    <!--css div popup start-->
    <a class="popup_link" onfocus='this.blur();' href="javascript:showTestDetail('div_ft36.4')" >
        error</a>

    <div id='div_ft36.4' class="popup_window">
        <div style='text-align: right; color:red;cursor:pointer'>
        <a onfocus='this.blur();' onclick="document.getElementById('div_ft36.4').style.display = 'none' " >
           [x]</a>
        </div>
        <pre>
        
ft36.4: Traceback (most recent call last):
  File "C:\work\SWMM-EPANET_User_Interface\test\core\swmm\test_patterns.py", line 76, in test_weekly
    self.my_options.set_text(test_text)
AttributeError: 'Pattern' object has no attribute 'set_text'


        </pre>
    </div>
    <!--css div popup end-->

    </td>
</tr>

<tr id='ft36.5' class='none'>
    <td class='errorCase'><div class='testcase'>test_design: Test Pattern: Design pattern, no flag</div></td>
    <td colspan='5' align='center'>

    <!--css div popup start-->
    <a class="popup_link" onfocus='this.blur();' href="javascript:showTestDetail('div_ft36.5')" >
        error</a>

    <div id='div_ft36.5' class="popup_window">
        <div style='text-align: right; color:red;cursor:pointer'>
        <a onfocus='this.blur();' onclick="document.getElementById('div_ft36.5').style.display = 'none' " >
           [x]</a>
        </div>
        <pre>
        
ft36.5: Traceback (most recent call last):
  File "C:\work\SWMM-EPANET_User_Interface\test\core\swmm\test_patterns.py", line 97, in test_design
    self.my_options.set_text(test_text)
AttributeError: 'Pattern' object has no attribute 'set_text'


        </pre>
    </div>
    <!--css div popup end-->

    </td>
</tr>

<tr id='ft36.6' class='none'>
    <td class='errorCase'><div class='testcase'>test_pattern_section: test PATTERNS section</div></td>
    <td colspan='5' align='center'>

    <!--css div popup start-->
    <a class="popup_link" onfocus='this.blur();' href="javascript:showTestDetail('div_ft36.6')" >
        error</a>

    <div id='div_ft36.6' class="popup_window">
        <div style='text-align: right; color:red;cursor:pointer'>
        <a onfocus='this.blur();' onclick="document.getElementById('div_ft36.6').style.display = 'none' " >
           [x]</a>
        </div>
        <pre>
        
ft36.6: Traceback (most recent call last):
  File "C:\work\SWMM-EPANET_User_Interface\test\core\swmm\test_patterns.py", line 115, in test_pattern_section
    from_text = Project()
NameError: global name 'Project' is not defined


        </pre>
    </div>
    <!--css div popup end-->

    </td>
</tr>

<tr class='failClass'>
    <td>test_curves.SimpleCurveTest: Test CURVERS section</td>
    <td>3</td>
    <td>2</td>
    <td>1</td>
    <td>0</td>
    <td><a href="javascript:showClassDetail('c37',3)">Detail</a></td>
</tr>

<tr id='pt37.1' class='hiddenRow'>
    <td class='none'><div class='testcase'>test_storage_curve: Test one set of Storage curve (SWMM 5.1 manual Page334)</div></td>
    <td colspan='5' align='center'>pass</td>
</tr>

<tr id='pt37.2' class='hiddenRow'>
    <td class='none'><div class='testcase'>test_pump_curve: Test one set of Type 1 Pump curve (SWMM 5.1 manual Page334)</div></td>
    <td colspan='5' align='center'>pass</td>
</tr>

<tr id='ft37.3' class='none'>
    <td class='failCase'><div class='testcase'>test_curves_section: Test CURVES section using Project class, Example6-Initial</div></td>
    <td colspan='5' align='center'>

    <!--css div popup start-->
    <a class="popup_link" onfocus='this.blur();' href="javascript:showTestDetail('div_ft37.3')" >
        fail</a>

    <div id='div_ft37.3' class="popup_window">
        <div style='text-align: right; color:red;cursor:pointer'>
        <a onfocus='this.blur();' onclick="document.getElementById('div_ft37.3').style.display = 'none' " >
           [x]</a>
        </div>
        <pre>
        
ft37.3: Traceback (most recent call last):
  File "C:\work\SWMM-EPANET_User_Interface\test\core\swmm\test_curves.py", line 53, in test_curves_section
    self.assertTrue(match_omit(actual_text, source_text, " \t-;\n"), msg)
AssertionError: 
Set:
[CURVES]
;;Name           Type       X-Value    Y-Value
;;-------------- ---------- ---------- ----------
SU2              Storage    0          10368
SU2                         2.2        14512
SU2                         2.3        32000
SU2                         6          50000
Get:
[CURVES]
;;Name          	Type      	X-Value   	Y-Value   
;;--------------	----------	----------	----------
 SU2             	STORAGE   	0         	10368     
 SU2             	          	2.2       	14512     
 SU2             	          	2.3       	32000     
 SU2             	          	6         	50000     
xw09/01/2016: match_omit should omit upper and lower cases


        </pre>
    </div>
    <!--css div popup end-->

    </td>
</tr>

<tr id='total_row'>
    <td>Total</td>
    <td>127</td>
    <td>44</td>
    <td>12</td>
    <td>71</td>
    <td>&nbsp;</td>
</tr>
</table>

<div id='ending'>&nbsp;</div>

</body>
</html>
